2021-12-07 01:09:38.907  WARN 19563 --- [HikariPool-38 housekeeper] com.zaxxer.hikari.pool.HikariPool        : HikariPool-38 - Thread starvation or clock leap detected (housekeeper delta=1h22m49s772ms).
2021-12-07 02:00:47.036  WARN 19563 --- [HikariPool-38 housekeeper] com.zaxxer.hikari.pool.HikariPool        : HikariPool-38 - Thread starvation or clock leap detected (housekeeper delta=51m8s122ms).
2021-12-07 03:24:18.871  WARN 19563 --- [HikariPool-38 housekeeper] com.zaxxer.hikari.pool.HikariPool        : HikariPool-38 - Thread starvation or clock leap detected (housekeeper delta=1h23m31s836ms).
2021-12-07 04:46:42.440  WARN 19563 --- [HikariPool-38 housekeeper] com.zaxxer.hikari.pool.HikariPool        : HikariPool-38 - Thread starvation or clock leap detected (housekeeper delta=1h22m23s573ms).
2021-12-07 05:51:41.894  WARN 19563 --- [HikariPool-38 housekeeper] com.zaxxer.hikari.pool.HikariPool        : HikariPool-38 - Thread starvation or clock leap detected (housekeeper delta=1h4m59s456ms).
2021-12-07 07:05:46.915  WARN 19563 --- [HikariPool-38 housekeeper] com.zaxxer.hikari.pool.HikariPool        : HikariPool-38 - Thread starvation or clock leap detected (housekeeper delta=1h14m5s4ms).
2021-12-07 08:11:21.376  WARN 19563 --- [HikariPool-38 housekeeper] com.zaxxer.hikari.pool.HikariPool        : HikariPool-38 - Thread starvation or clock leap detected (housekeeper delta=1h5m34s471ms).
2021-12-07 09:25:46.041  WARN 19563 --- [HikariPool-38 housekeeper] com.zaxxer.hikari.pool.HikariPool        : HikariPool-38 - Thread starvation or clock leap detected (housekeeper delta=1h14m24s663ms).
2021-12-07 09:57:48.462  WARN 19563 --- [HikariPool-38 housekeeper] com.zaxxer.hikari.pool.HikariPool        : HikariPool-38 - Thread starvation or clock leap detected (housekeeper delta=32m2s404ms).
2021-12-07 09:58:07.295  INFO 19563 --- [Thread-167] j.LocalContainerEntityManagerFactoryBean : Closing JPA EntityManagerFactory for persistence unit 'default'
2021-12-07 09:58:07.311  INFO 19563 --- [Thread-167] com.zaxxer.hikari.HikariDataSource       : HikariPool-38 - Shutdown initiated...
2021-12-07 09:58:07.321  INFO 19563 --- [Thread-167] com.zaxxer.hikari.HikariDataSource       : HikariPool-38 - Shutdown completed.
2021-12-07 09:58:07.485  INFO 19563 --- [restartedMain] com.devfox.bbvape.BbvapeApplication      : Starting BbvapeApplication using Java 11.0.13 on Jinsolui-MacBook-Pro.local with PID 19563 (/Users/devfox/Documents/Projects/ideaProjects/bbvape/build/classes/java/main started by devfox in /Users/devfox/Documents/Projects/ideaProjects/bbvape)
2021-12-07 09:58:07.485  INFO 19563 --- [restartedMain] com.devfox.bbvape.BbvapeApplication      : No active profile set, falling back to default profiles: default
2021-12-07 09:58:07.603  INFO 19563 --- [restartedMain] .s.d.r.c.RepositoryConfigurationDelegate : Bootstrapping Spring Data JPA repositories in DEFAULT mode.
2021-12-07 09:58:07.627  INFO 19563 --- [restartedMain] .s.d.r.c.RepositoryConfigurationDelegate : Finished Spring Data repository scanning in 23 ms. Found 7 JPA repository interfaces.
2021-12-07 09:58:07.678  INFO 19563 --- [restartedMain] trationDelegate$BeanPostProcessorChecker : Bean 'org.springframework.security.access.expression.method.DefaultMethodSecurityExpressionHandler@b0b59bb' of type [org.springframework.security.access.expression.method.DefaultMethodSecurityExpressionHandler] is not eligible for getting processed by all BeanPostProcessors (for example: not eligible for auto-proxying)
2021-12-07 09:58:07.679  INFO 19563 --- [restartedMain] trationDelegate$BeanPostProcessorChecker : Bean 'methodSecurityMetadataSource' of type [org.springframework.security.access.method.DelegatingMethodSecurityMetadataSource] is not eligible for getting processed by all BeanPostProcessors (for example: not eligible for auto-proxying)
2021-12-07 09:58:07.760  INFO 19563 --- [restartedMain] o.s.b.w.embedded.tomcat.TomcatWebServer  : Tomcat initialized with port(s): 8080 (http)
2021-12-07 09:58:07.761  INFO 19563 --- [restartedMain] o.apache.catalina.core.StandardService   : Starting service [Tomcat]
2021-12-07 09:58:07.761  INFO 19563 --- [restartedMain] org.apache.catalina.core.StandardEngine  : Starting Servlet engine: [Apache Tomcat/9.0.53]
2021-12-07 09:58:07.776  INFO 19563 --- [restartedMain] o.a.c.c.C.[Tomcat].[localhost].[/]       : Initializing Spring embedded WebApplicationContext
2021-12-07 09:58:07.776  INFO 19563 --- [restartedMain] w.s.c.ServletWebServerApplicationContext : Root WebApplicationContext: initialization completed in 290 ms
2021-12-07 09:58:07.869  INFO 19563 --- [restartedMain] o.hibernate.jpa.internal.util.LogHelper  : HHH000204: Processing PersistenceUnitInfo [name: default]
2021-12-07 09:58:07.876  INFO 19563 --- [restartedMain] com.zaxxer.hikari.HikariDataSource       : HikariPool-39 - Starting...
2021-12-07 09:58:08.086  INFO 19563 --- [restartedMain] com.zaxxer.hikari.HikariDataSource       : HikariPool-39 - Start completed.
2021-12-07 09:58:08.086  INFO 19563 --- [restartedMain] org.hibernate.dialect.Dialect            : HHH000400: Using dialect: org.hibernate.dialect.MySQL5InnoDBDialect
2021-12-07 09:58:08.149  INFO 19563 --- [restartedMain] o.h.e.t.j.p.i.JtaPlatformInitiator       : HHH000490: Using JtaPlatform implementation: [org.hibernate.engine.transaction.jta.platform.internal.NoJtaPlatform]
2021-12-07 09:58:08.150  INFO 19563 --- [restartedMain] j.LocalContainerEntityManagerFactoryBean : Initialized JPA EntityManagerFactory for persistence unit 'default'
2021-12-07 09:58:08.277  WARN 19563 --- [restartedMain] JpaBaseConfiguration$JpaWebConfiguration : spring.jpa.open-in-view is enabled by default. Therefore, database queries may be performed during view rendering. Explicitly configure spring.jpa.open-in-view to disable this warning
2021-12-07 09:58:08.591  INFO 19563 --- [restartedMain] o.s.s.web.DefaultSecurityFilterChain     : Will secure org.springframework.boot.autoconfigure.security.servlet.StaticResourceRequest$StaticResourceRequestMatcher@75e867ae with []
2021-12-07 09:58:08.654  INFO 19563 --- [restartedMain] o.s.s.web.DefaultSecurityFilterChain     : Will secure any request with [org.springframework.security.web.context.request.async.WebAsyncManagerIntegrationFilter@4f9aa0eb, org.springframework.security.web.context.SecurityContextPersistenceFilter@5323eb5d, org.springframework.security.web.header.HeaderWriterFilter@6c4348e, org.springframework.security.web.csrf.CsrfFilter@7c9a100f, org.springframework.security.web.authentication.logout.LogoutFilter@77f5d446, org.springframework.security.web.authentication.UsernamePasswordAuthenticationFilter@31047e8, org.springframework.security.web.savedrequest.RequestCacheAwareFilter@4f776cdc, org.springframework.security.web.servletapi.SecurityContextHolderAwareRequestFilter@68b041f8, org.springframework.security.web.authentication.rememberme.RememberMeAuthenticationFilter@69c569f3, org.springframework.security.web.authentication.AnonymousAuthenticationFilter@1e430a5b, org.springframework.security.web.session.SessionManagementFilter@7f1596d8, org.springframework.security.web.access.ExceptionTranslationFilter@1261c520, org.springframework.security.web.access.intercept.FilterSecurityInterceptor@104fc663]
2021-12-07 09:58:08.919  INFO 19563 --- [restartedMain] o.s.b.d.a.OptionalLiveReloadServer       : LiveReload server is running on port 35729
2021-12-07 09:58:08.944  INFO 19563 --- [restartedMain] o.s.b.w.embedded.tomcat.TomcatWebServer  : Tomcat started on port(s): 8080 (http) with context path ''
2021-12-07 09:58:08.950  INFO 19563 --- [restartedMain] com.devfox.bbvape.BbvapeApplication      : Started BbvapeApplication in 1.476 seconds (JVM running for 48408.974)
2021-12-07 09:58:08.952  INFO 19563 --- [restartedMain] .ConditionEvaluationDeltaLoggingListener : Condition evaluation unchanged
2021-12-07 09:58:10.830  INFO 28573 --- [restartedMain] com.devfox.bbvape.BbvapeApplication      : Starting BbvapeApplication using Java 11.0.13 on Jinsolui-MacBook-Pro.local with PID 28573 (/Users/devfox/Documents/Projects/ideaProjects/bbvape/build/classes/java/main started by devfox in /Users/devfox/Documents/Projects/ideaProjects/bbvape)
2021-12-07 09:58:10.831  INFO 28573 --- [restartedMain] com.devfox.bbvape.BbvapeApplication      : No active profile set, falling back to default profiles: default
2021-12-07 09:58:11.186  INFO 28573 --- [restartedMain] .e.DevToolsPropertyDefaultsPostProcessor : Devtools property defaults active! Set 'spring.devtools.add-properties' to 'false' to disable
2021-12-07 09:58:11.187  INFO 28573 --- [restartedMain] .e.DevToolsPropertyDefaultsPostProcessor : For additional web related logging consider setting the 'logging.level.web' property to 'DEBUG'
2021-12-07 09:58:12.343  INFO 28573 --- [restartedMain] .s.d.r.c.RepositoryConfigurationDelegate : Bootstrapping Spring Data JPA repositories in DEFAULT mode.
2021-12-07 09:58:12.464  INFO 28573 --- [restartedMain] .s.d.r.c.RepositoryConfigurationDelegate : Finished Spring Data repository scanning in 111 ms. Found 7 JPA repository interfaces.
2021-12-07 09:58:12.865  INFO 28573 --- [restartedMain] trationDelegate$BeanPostProcessorChecker : Bean 'org.springframework.security.access.expression.method.DefaultMethodSecurityExpressionHandler@30234533' of type [org.springframework.security.access.expression.method.DefaultMethodSecurityExpressionHandler] is not eligible for getting processed by all BeanPostProcessors (for example: not eligible for auto-proxying)
2021-12-07 09:58:12.867  INFO 28573 --- [restartedMain] trationDelegate$BeanPostProcessorChecker : Bean 'methodSecurityMetadataSource' of type [org.springframework.security.access.method.DelegatingMethodSecurityMetadataSource] is not eligible for getting processed by all BeanPostProcessors (for example: not eligible for auto-proxying)
2021-12-07 09:58:13.163  INFO 28573 --- [restartedMain] o.s.b.w.embedded.tomcat.TomcatWebServer  : Tomcat initialized with port(s): 8080 (http)
2021-12-07 09:58:13.173  INFO 28573 --- [restartedMain] o.apache.catalina.core.StandardService   : Starting service [Tomcat]
2021-12-07 09:58:13.174  INFO 28573 --- [restartedMain] org.apache.catalina.core.StandardEngine  : Starting Servlet engine: [Apache Tomcat/9.0.53]
2021-12-07 09:58:13.290  INFO 28573 --- [restartedMain] o.a.c.c.C.[Tomcat].[localhost].[/]       : Initializing Spring embedded WebApplicationContext
2021-12-07 09:58:13.290  INFO 28573 --- [restartedMain] w.s.c.ServletWebServerApplicationContext : Root WebApplicationContext: initialization completed in 2099 ms
2021-12-07 09:58:13.476  INFO 28573 --- [restartedMain] o.hibernate.jpa.internal.util.LogHelper  : HHH000204: Processing PersistenceUnitInfo [name: default]
2021-12-07 09:58:13.536  INFO 28573 --- [restartedMain] org.hibernate.Version                    : HHH000412: Hibernate ORM core version 5.4.32.Final
2021-12-07 09:58:13.641  INFO 28573 --- [restartedMain] o.hibernate.annotations.common.Version   : HCANN000001: Hibernate Commons Annotations {5.1.2.Final}
2021-12-07 09:58:13.709  INFO 28573 --- [restartedMain] com.zaxxer.hikari.HikariDataSource       : HikariPool-1 - Starting...
2021-12-07 09:58:13.853  INFO 28573 --- [restartedMain] com.zaxxer.hikari.HikariDataSource       : HikariPool-1 - Start completed.
2021-12-07 09:58:13.860  INFO 28573 --- [restartedMain] org.hibernate.dialect.Dialect            : HHH000400: Using dialect: org.hibernate.dialect.MySQL5InnoDBDialect
2021-12-07 09:58:14.350  INFO 28573 --- [restartedMain] o.h.e.t.j.p.i.JtaPlatformInitiator       : HHH000490: Using JtaPlatform implementation: [org.hibernate.engine.transaction.jta.platform.internal.NoJtaPlatform]
2021-12-07 09:58:14.360  INFO 28573 --- [restartedMain] j.LocalContainerEntityManagerFactoryBean : Initialized JPA EntityManagerFactory for persistence unit 'default'
2021-12-07 09:58:14.645  WARN 28573 --- [restartedMain] JpaBaseConfiguration$JpaWebConfiguration : spring.jpa.open-in-view is enabled by default. Therefore, database queries may be performed during view rendering. Explicitly configure spring.jpa.open-in-view to disable this warning
2021-12-07 09:58:14.868  INFO 28573 --- [restartedMain] o.s.s.web.DefaultSecurityFilterChain     : Will secure org.springframework.boot.autoconfigure.security.servlet.StaticResourceRequest$StaticResourceRequestMatcher@2cd21bd9 with []
2021-12-07 09:58:14.900  INFO 28573 --- [restartedMain] o.s.s.web.DefaultSecurityFilterChain     : Will secure any request with [org.springframework.security.web.context.request.async.WebAsyncManagerIntegrationFilter@bb62fc, org.springframework.security.web.context.SecurityContextPersistenceFilter@566b42b1, org.springframework.security.web.header.HeaderWriterFilter@5d54d811, org.springframework.security.web.csrf.CsrfFilter@13962353, org.springframework.security.web.authentication.logout.LogoutFilter@63b79dc7, org.springframework.security.web.authentication.UsernamePasswordAuthenticationFilter@81c252e, org.springframework.security.web.savedrequest.RequestCacheAwareFilter@64e6c8eb, org.springframework.security.web.servletapi.SecurityContextHolderAwareRequestFilter@700315fb, org.springframework.security.web.authentication.rememberme.RememberMeAuthenticationFilter@2bf68a6e, org.springframework.security.web.authentication.AnonymousAuthenticationFilter@4c88051d, org.springframework.security.web.session.SessionManagementFilter@77275ef5, org.springframework.security.web.access.ExceptionTranslationFilter@22c93922, org.springframework.security.web.access.intercept.FilterSecurityInterceptor@bb8f8fe]
2021-12-07 09:58:16.838  WARN 28573 --- [restartedMain] o.s.b.d.a.OptionalLiveReloadServer       : Unable to start LiveReload server
2021-12-07 09:58:16.882  WARN 28573 --- [restartedMain] ConfigServletWebServerApplicationContext : Exception encountered during context initialization - cancelling refresh attempt: org.springframework.context.ApplicationContextException: Failed to start bean 'webServerStartStop'; nested exception is org.springframework.boot.web.server.PortInUseException: Port 8080 is already in use
2021-12-07 09:58:16.885  INFO 28573 --- [restartedMain] j.LocalContainerEntityManagerFactoryBean : Closing JPA EntityManagerFactory for persistence unit 'default'
2021-12-07 09:58:16.889  INFO 28573 --- [restartedMain] com.zaxxer.hikari.HikariDataSource       : HikariPool-1 - Shutdown initiated...
2021-12-07 09:58:16.903  INFO 28573 --- [restartedMain] com.zaxxer.hikari.HikariDataSource       : HikariPool-1 - Shutdown completed.
2021-12-07 09:58:16.906  INFO 28573 --- [restartedMain] o.apache.catalina.core.StandardService   : Stopping service [Tomcat]
2021-12-07 09:58:16.919  INFO 28573 --- [restartedMain] ConditionEvaluationReportLoggingListener : 

Error starting ApplicationContext. To display the conditions report re-run your application with 'debug' enabled.
2021-12-07 09:58:16.943 ERROR 28573 --- [restartedMain] o.s.b.d.LoggingFailureAnalysisReporter   : 

***************************
APPLICATION FAILED TO START
***************************

Description:

Web server failed to start. Port 8080 was already in use.

Action:

Identify and stop the process that's listening on port 8080 or configure this application to listen on another port.

2021-12-07 09:59:24.160  INFO 19563 --- [SpringApplicationShutdownHook] j.LocalContainerEntityManagerFactoryBean : Closing JPA EntityManagerFactory for persistence unit 'default'
2021-12-07 09:59:24.163  INFO 19563 --- [SpringApplicationShutdownHook] com.zaxxer.hikari.HikariDataSource       : HikariPool-39 - Shutdown initiated...
2021-12-07 09:59:24.168  INFO 19563 --- [SpringApplicationShutdownHook] com.zaxxer.hikari.HikariDataSource       : HikariPool-39 - Shutdown completed.
2021-12-07 10:01:27.852  INFO 1537 --- [restartedMain] com.devfox.bbvape.BbvapeApplication      : Starting BbvapeApplication using Java 11.0.13 on Jinsolui-MacBook-Pro.local with PID 1537 (/Users/devfox/Documents/Projects/ideaProjects/bbvape/build/classes/java/main started by devfox in /Users/devfox/Documents/Projects/ideaProjects/bbvape)
2021-12-07 10:01:27.853  INFO 1537 --- [restartedMain] com.devfox.bbvape.BbvapeApplication      : No active profile set, falling back to default profiles: default
2021-12-07 10:01:27.875  INFO 1537 --- [restartedMain] .e.DevToolsPropertyDefaultsPostProcessor : Devtools property defaults active! Set 'spring.devtools.add-properties' to 'false' to disable
2021-12-07 10:01:27.875  INFO 1537 --- [restartedMain] .e.DevToolsPropertyDefaultsPostProcessor : For additional web related logging consider setting the 'logging.level.web' property to 'DEBUG'
2021-12-07 10:01:28.271  INFO 1537 --- [restartedMain] .s.d.r.c.RepositoryConfigurationDelegate : Bootstrapping Spring Data JPA repositories in DEFAULT mode.
2021-12-07 10:01:28.330  INFO 1537 --- [restartedMain] .s.d.r.c.RepositoryConfigurationDelegate : Finished Spring Data repository scanning in 50 ms. Found 7 JPA repository interfaces.
2021-12-07 10:01:28.477  INFO 1537 --- [restartedMain] trationDelegate$BeanPostProcessorChecker : Bean 'org.springframework.security.access.expression.method.DefaultMethodSecurityExpressionHandler@36ca6b6d' of type [org.springframework.security.access.expression.method.DefaultMethodSecurityExpressionHandler] is not eligible for getting processed by all BeanPostProcessors (for example: not eligible for auto-proxying)
2021-12-07 10:01:28.479  INFO 1537 --- [restartedMain] trationDelegate$BeanPostProcessorChecker : Bean 'methodSecurityMetadataSource' of type [org.springframework.security.access.method.DelegatingMethodSecurityMetadataSource] is not eligible for getting processed by all BeanPostProcessors (for example: not eligible for auto-proxying)
2021-12-07 10:01:28.609  INFO 1537 --- [restartedMain] o.s.b.w.embedded.tomcat.TomcatWebServer  : Tomcat initialized with port(s): 8080 (http)
2021-12-07 10:01:28.613  INFO 1537 --- [restartedMain] o.apache.catalina.core.StandardService   : Starting service [Tomcat]
2021-12-07 10:01:28.613  INFO 1537 --- [restartedMain] org.apache.catalina.core.StandardEngine  : Starting Servlet engine: [Apache Tomcat/9.0.53]
2021-12-07 10:01:28.648  INFO 1537 --- [restartedMain] o.a.c.c.C.[Tomcat].[localhost].[/]       : Initializing Spring embedded WebApplicationContext
2021-12-07 10:01:28.648  INFO 1537 --- [restartedMain] w.s.c.ServletWebServerApplicationContext : Root WebApplicationContext: initialization completed in 773 ms
2021-12-07 10:01:28.744  INFO 1537 --- [restartedMain] o.hibernate.jpa.internal.util.LogHelper  : HHH000204: Processing PersistenceUnitInfo [name: default]
2021-12-07 10:01:28.767  INFO 1537 --- [restartedMain] org.hibernate.Version                    : HHH000412: Hibernate ORM core version 5.4.32.Final
2021-12-07 10:01:28.823  INFO 1537 --- [restartedMain] o.hibernate.annotations.common.Version   : HCANN000001: Hibernate Commons Annotations {5.1.2.Final}
2021-12-07 10:01:28.856  INFO 1537 --- [restartedMain] com.zaxxer.hikari.HikariDataSource       : HikariPool-1 - Starting...
2021-12-07 10:01:29.016  INFO 1537 --- [restartedMain] com.zaxxer.hikari.HikariDataSource       : HikariPool-1 - Start completed.
2021-12-07 10:01:29.022  INFO 1537 --- [restartedMain] org.hibernate.dialect.Dialect            : HHH000400: Using dialect: org.hibernate.dialect.MySQL5InnoDBDialect
2021-12-07 10:01:29.270  INFO 1537 --- [restartedMain] o.h.e.t.j.p.i.JtaPlatformInitiator       : HHH000490: Using JtaPlatform implementation: [org.hibernate.engine.transaction.jta.platform.internal.NoJtaPlatform]
2021-12-07 10:01:29.273  INFO 1537 --- [restartedMain] j.LocalContainerEntityManagerFactoryBean : Initialized JPA EntityManagerFactory for persistence unit 'default'
2021-12-07 10:01:29.426  WARN 1537 --- [restartedMain] JpaBaseConfiguration$JpaWebConfiguration : spring.jpa.open-in-view is enabled by default. Therefore, database queries may be performed during view rendering. Explicitly configure spring.jpa.open-in-view to disable this warning
2021-12-07 10:01:29.601  INFO 1537 --- [restartedMain] o.s.s.web.DefaultSecurityFilterChain     : Will secure org.springframework.boot.autoconfigure.security.servlet.StaticResourceRequest$StaticResourceRequestMatcher@517cfd9d with []
2021-12-07 10:01:29.632  INFO 1537 --- [restartedMain] o.s.s.web.DefaultSecurityFilterChain     : Will secure any request with [org.springframework.security.web.context.request.async.WebAsyncManagerIntegrationFilter@28c6af8b, org.springframework.security.web.context.SecurityContextPersistenceFilter@7f947944, org.springframework.security.web.header.HeaderWriterFilter@3d5cb037, org.springframework.security.web.csrf.CsrfFilter@59c90472, org.springframework.security.web.authentication.logout.LogoutFilter@49f1abd6, org.springframework.security.web.authentication.UsernamePasswordAuthenticationFilter@2b1d316a, org.springframework.security.web.savedrequest.RequestCacheAwareFilter@38cbd451, org.springframework.security.web.servletapi.SecurityContextHolderAwareRequestFilter@21b86264, org.springframework.security.web.authentication.rememberme.RememberMeAuthenticationFilter@f1030a6, org.springframework.security.web.authentication.AnonymousAuthenticationFilter@21fd18f8, org.springframework.security.web.session.SessionManagementFilter@6710b24a, org.springframework.security.web.access.ExceptionTranslationFilter@134abb80, org.springframework.security.web.access.intercept.FilterSecurityInterceptor@371586b]
2021-12-07 10:01:30.191  INFO 1537 --- [restartedMain] o.s.b.d.a.OptionalLiveReloadServer       : LiveReload server is running on port 35729
2021-12-07 10:01:30.217  INFO 1537 --- [restartedMain] o.s.b.w.embedded.tomcat.TomcatWebServer  : Tomcat started on port(s): 8080 (http) with context path ''
2021-12-07 10:01:30.223  INFO 1537 --- [restartedMain] com.devfox.bbvape.BbvapeApplication      : Started BbvapeApplication in 2.625 seconds (JVM running for 3.056)
2021-12-07 10:01:33.411  INFO 1537 --- [http-nio-8080-exec-1] o.a.c.c.C.[Tomcat].[localhost].[/]       : Initializing Spring DispatcherServlet 'dispatcherServlet'
2021-12-07 10:01:33.412  INFO 1537 --- [http-nio-8080-exec-1] o.s.web.servlet.DispatcherServlet        : Initializing Servlet 'dispatcherServlet'
2021-12-07 10:01:33.413  INFO 1537 --- [http-nio-8080-exec-1] o.s.web.servlet.DispatcherServlet        : Completed initialization in 1 ms
2021-12-07 10:03:22.332  WARN 1537 --- [http-nio-8080-exec-6] .w.s.m.s.DefaultHandlerExceptionResolver : Resolved [org.springframework.web.method.annotation.MethodArgumentTypeMismatchException: Failed to convert value of type 'java.lang.String' to required type 'long'; nested exception is java.lang.NumberFormatException: For input string: ""]
2021-12-07 14:08:06.506  WARN 1537 --- [HikariPool-1 housekeeper] com.zaxxer.hikari.pool.HikariPool        : HikariPool-1 - Thread starvation or clock leap detected (housekeeper delta=2m3s908ms).
2021-12-07 14:26:26.599  WARN 1537 --- [HikariPool-1 housekeeper] com.zaxxer.hikari.pool.HikariPool        : HikariPool-1 - Thread starvation or clock leap detected (housekeeper delta=18m20s95ms).
2021-12-07 14:41:28.344  WARN 1537 --- [HikariPool-1 housekeeper] com.zaxxer.hikari.pool.HikariPool        : HikariPool-1 - Thread starvation or clock leap detected (housekeeper delta=15m1s745ms).
2021-12-07 15:25:37.380  WARN 1537 --- [HikariPool-1 housekeeper] com.zaxxer.hikari.pool.HikariPool        : HikariPool-1 - Thread starvation or clock leap detected (housekeeper delta=17m38s756ms).
2021-12-07 16:15:09.338  WARN 1537 --- [HikariPool-1 housekeeper] com.zaxxer.hikari.pool.HikariPool        : HikariPool-1 - Thread starvation or clock leap detected (housekeeper delta=49m31s957ms).
2021-12-07 16:41:55.435  WARN 1537 --- [HikariPool-1 housekeeper] com.zaxxer.hikari.pool.HikariPool        : HikariPool-1 - Thread starvation or clock leap detected (housekeeper delta=26m46s98ms).
2021-12-07 17:11:53.608  WARN 1537 --- [HikariPool-1 housekeeper] com.zaxxer.hikari.pool.HikariPool        : HikariPool-1 - Thread starvation or clock leap detected (housekeeper delta=29m58s173ms).
2021-12-07 17:43:29.378  WARN 1537 --- [HikariPool-1 housekeeper] com.zaxxer.hikari.pool.HikariPool        : HikariPool-1 - Thread starvation or clock leap detected (housekeeper delta=31m35s770ms).
2021-12-07 18:45:27.019  WARN 1537 --- [HikariPool-1 housekeeper] com.zaxxer.hikari.pool.HikariPool        : HikariPool-1 - Thread starvation or clock leap detected (housekeeper delta=57m57s580ms).
2021-12-07 18:54:26.881  WARN 1537 --- [HikariPool-1 housekeeper] com.zaxxer.hikari.pool.HikariPool        : HikariPool-1 - Thread starvation or clock leap detected (housekeeper delta=8m59s862ms).
