2021-11-18 00:37:21.298  WARN 5845 --- [HikariPool-4 housekeeper] com.zaxxer.hikari.pool.HikariPool        : HikariPool-4 - Thread starvation or clock leap detected (housekeeper delta=47m53s320ms).
2021-11-18 00:40:04.345  INFO 5845 --- [SpringApplicationShutdownHook] j.LocalContainerEntityManagerFactoryBean : Closing JPA EntityManagerFactory for persistence unit 'default'
2021-11-18 00:40:04.350  INFO 5845 --- [SpringApplicationShutdownHook] com.zaxxer.hikari.HikariDataSource       : HikariPool-4 - Shutdown initiated...
2021-11-18 00:40:04.354  INFO 5845 --- [SpringApplicationShutdownHook] com.zaxxer.hikari.HikariDataSource       : HikariPool-4 - Shutdown completed.
2021-11-18 00:41:29.948  INFO 9090 --- [restartedMain] com.devfox.bbvape.BbvapeApplication      : Starting BbvapeApplication using Java 11.0.13 on Jinsolui-MacBook-Pro.local with PID 9090 (/Users/devfox/Documents/Projects/ideaProjects/bbvape/build/classes/java/main started by devfox in /Users/devfox/Documents/Projects/ideaProjects/bbvape)
2021-11-18 00:41:29.949  INFO 9090 --- [restartedMain] com.devfox.bbvape.BbvapeApplication      : No active profile set, falling back to default profiles: default
2021-11-18 00:41:29.973  INFO 9090 --- [restartedMain] .e.DevToolsPropertyDefaultsPostProcessor : Devtools property defaults active! Set 'spring.devtools.add-properties' to 'false' to disable
2021-11-18 00:41:29.974  INFO 9090 --- [restartedMain] .e.DevToolsPropertyDefaultsPostProcessor : For additional web related logging consider setting the 'logging.level.web' property to 'DEBUG'
2021-11-18 00:41:30.448  INFO 9090 --- [restartedMain] .s.d.r.c.RepositoryConfigurationDelegate : Bootstrapping Spring Data JPA repositories in DEFAULT mode.
2021-11-18 00:41:30.477  INFO 9090 --- [restartedMain] .s.d.r.c.RepositoryConfigurationDelegate : Finished Spring Data repository scanning in 25 ms. Found 2 JPA repository interfaces.
2021-11-18 00:41:30.620  INFO 9090 --- [restartedMain] trationDelegate$BeanPostProcessorChecker : Bean 'org.springframework.security.access.expression.method.DefaultMethodSecurityExpressionHandler@22a595d3' of type [org.springframework.security.access.expression.method.DefaultMethodSecurityExpressionHandler] is not eligible for getting processed by all BeanPostProcessors (for example: not eligible for auto-proxying)
2021-11-18 00:41:30.622  INFO 9090 --- [restartedMain] trationDelegate$BeanPostProcessorChecker : Bean 'methodSecurityMetadataSource' of type [org.springframework.security.access.method.DelegatingMethodSecurityMetadataSource] is not eligible for getting processed by all BeanPostProcessors (for example: not eligible for auto-proxying)
2021-11-18 00:41:30.781  INFO 9090 --- [restartedMain] o.s.b.w.embedded.tomcat.TomcatWebServer  : Tomcat initialized with port(s): 8080 (http)
2021-11-18 00:41:30.786  INFO 9090 --- [restartedMain] o.apache.catalina.core.StandardService   : Starting service [Tomcat]
2021-11-18 00:41:30.786  INFO 9090 --- [restartedMain] org.apache.catalina.core.StandardEngine  : Starting Servlet engine: [Apache Tomcat/9.0.53]
2021-11-18 00:41:30.828  INFO 9090 --- [restartedMain] o.a.c.c.C.[Tomcat].[localhost].[/]       : Initializing Spring embedded WebApplicationContext
2021-11-18 00:41:30.828  INFO 9090 --- [restartedMain] w.s.c.ServletWebServerApplicationContext : Root WebApplicationContext: initialization completed in 854 ms
2021-11-18 00:41:30.938  INFO 9090 --- [restartedMain] o.hibernate.jpa.internal.util.LogHelper  : HHH000204: Processing PersistenceUnitInfo [name: default]
2021-11-18 00:41:30.960  INFO 9090 --- [restartedMain] org.hibernate.Version                    : HHH000412: Hibernate ORM core version 5.4.32.Final
2021-11-18 00:41:31.025  INFO 9090 --- [restartedMain] o.hibernate.annotations.common.Version   : HCANN000001: Hibernate Commons Annotations {5.1.2.Final}
2021-11-18 00:41:31.065  INFO 9090 --- [restartedMain] com.zaxxer.hikari.HikariDataSource       : HikariPool-1 - Starting...
2021-11-18 00:41:31.478  INFO 9090 --- [restartedMain] com.zaxxer.hikari.HikariDataSource       : HikariPool-1 - Start completed.
2021-11-18 00:41:31.483  INFO 9090 --- [restartedMain] org.hibernate.dialect.Dialect            : HHH000400: Using dialect: org.hibernate.dialect.MySQL5InnoDBDialect
2021-11-18 00:41:31.709  INFO 9090 --- [restartedMain] o.h.e.t.j.p.i.JtaPlatformInitiator       : HHH000490: Using JtaPlatform implementation: [org.hibernate.engine.transaction.jta.platform.internal.NoJtaPlatform]
2021-11-18 00:41:31.713  INFO 9090 --- [restartedMain] j.LocalContainerEntityManagerFactoryBean : Initialized JPA EntityManagerFactory for persistence unit 'default'
2021-11-18 00:41:31.932  WARN 9090 --- [restartedMain] JpaBaseConfiguration$JpaWebConfiguration : spring.jpa.open-in-view is enabled by default. Therefore, database queries may be performed during view rendering. Explicitly configure spring.jpa.open-in-view to disable this warning
2021-11-18 00:41:32.060  INFO 9090 --- [restartedMain] o.s.s.web.DefaultSecurityFilterChain     : Will secure org.springframework.boot.autoconfigure.security.servlet.StaticResourceRequest$StaticResourceRequestMatcher@53fcf39f with []
2021-11-18 00:41:32.096  INFO 9090 --- [restartedMain] o.s.s.web.DefaultSecurityFilterChain     : Will secure any request with [org.springframework.security.web.context.request.async.WebAsyncManagerIntegrationFilter@79fc6ebf, org.springframework.security.web.context.SecurityContextPersistenceFilter@23056be6, org.springframework.security.web.header.HeaderWriterFilter@4d8a3b34, org.springframework.security.web.csrf.CsrfFilter@e12f01e, org.springframework.security.web.authentication.logout.LogoutFilter@9ed3444, org.springframework.security.web.authentication.UsernamePasswordAuthenticationFilter@2ebd877, org.springframework.security.web.savedrequest.RequestCacheAwareFilter@65b29714, org.springframework.security.web.servletapi.SecurityContextHolderAwareRequestFilter@44144aef, org.springframework.security.web.authentication.rememberme.RememberMeAuthenticationFilter@45813d68, org.springframework.security.web.authentication.AnonymousAuthenticationFilter@612156b5, org.springframework.security.web.session.SessionManagementFilter@144474bc, org.springframework.security.web.access.ExceptionTranslationFilter@c56b818, org.springframework.security.web.access.intercept.FilterSecurityInterceptor@22174a47]
2021-11-18 00:41:32.591  INFO 9090 --- [restartedMain] o.s.b.d.a.OptionalLiveReloadServer       : LiveReload server is running on port 35729
2021-11-18 00:41:32.623  INFO 9090 --- [restartedMain] o.s.b.w.embedded.tomcat.TomcatWebServer  : Tomcat started on port(s): 8080 (http) with context path ''
2021-11-18 00:41:32.630  INFO 9090 --- [restartedMain] com.devfox.bbvape.BbvapeApplication      : Started BbvapeApplication in 2.905 seconds (JVM running for 3.695)
2021-11-18 00:51:27.871  INFO 9090 --- [SpringApplicationShutdownHook] j.LocalContainerEntityManagerFactoryBean : Closing JPA EntityManagerFactory for persistence unit 'default'
2021-11-18 00:51:27.876  INFO 9090 --- [SpringApplicationShutdownHook] com.zaxxer.hikari.HikariDataSource       : HikariPool-1 - Shutdown initiated...
2021-11-18 00:51:27.882  INFO 9090 --- [SpringApplicationShutdownHook] com.zaxxer.hikari.HikariDataSource       : HikariPool-1 - Shutdown completed.
2021-11-18 00:51:32.084  INFO 9273 --- [restartedMain] com.devfox.bbvape.BbvapeApplication      : Starting BbvapeApplication using Java 11.0.13 on Jinsolui-MacBook-Pro.local with PID 9273 (/Users/devfox/Documents/Projects/ideaProjects/bbvape/build/classes/java/main started by devfox in /Users/devfox/Documents/Projects/ideaProjects/bbvape)
2021-11-18 00:51:32.085  INFO 9273 --- [restartedMain] com.devfox.bbvape.BbvapeApplication      : No active profile set, falling back to default profiles: default
2021-11-18 00:51:32.101  INFO 9273 --- [restartedMain] .e.DevToolsPropertyDefaultsPostProcessor : Devtools property defaults active! Set 'spring.devtools.add-properties' to 'false' to disable
2021-11-18 00:51:32.101  INFO 9273 --- [restartedMain] .e.DevToolsPropertyDefaultsPostProcessor : For additional web related logging consider setting the 'logging.level.web' property to 'DEBUG'
2021-11-18 00:51:32.435  INFO 9273 --- [restartedMain] .s.d.r.c.RepositoryConfigurationDelegate : Bootstrapping Spring Data JPA repositories in DEFAULT mode.
2021-11-18 00:51:32.468  INFO 9273 --- [restartedMain] .s.d.r.c.RepositoryConfigurationDelegate : Finished Spring Data repository scanning in 29 ms. Found 2 JPA repository interfaces.
2021-11-18 00:51:32.619  INFO 9273 --- [restartedMain] trationDelegate$BeanPostProcessorChecker : Bean 'org.springframework.security.access.expression.method.DefaultMethodSecurityExpressionHandler@5aeec4d1' of type [org.springframework.security.access.expression.method.DefaultMethodSecurityExpressionHandler] is not eligible for getting processed by all BeanPostProcessors (for example: not eligible for auto-proxying)
2021-11-18 00:51:32.621  INFO 9273 --- [restartedMain] trationDelegate$BeanPostProcessorChecker : Bean 'methodSecurityMetadataSource' of type [org.springframework.security.access.method.DelegatingMethodSecurityMetadataSource] is not eligible for getting processed by all BeanPostProcessors (for example: not eligible for auto-proxying)
2021-11-18 00:51:32.758  INFO 9273 --- [restartedMain] o.s.b.w.embedded.tomcat.TomcatWebServer  : Tomcat initialized with port(s): 8080 (http)
2021-11-18 00:51:32.763  INFO 9273 --- [restartedMain] o.apache.catalina.core.StandardService   : Starting service [Tomcat]
2021-11-18 00:51:32.763  INFO 9273 --- [restartedMain] org.apache.catalina.core.StandardEngine  : Starting Servlet engine: [Apache Tomcat/9.0.53]
2021-11-18 00:51:32.791  INFO 9273 --- [restartedMain] o.a.c.c.C.[Tomcat].[localhost].[/]       : Initializing Spring embedded WebApplicationContext
2021-11-18 00:51:32.791  INFO 9273 --- [restartedMain] w.s.c.ServletWebServerApplicationContext : Root WebApplicationContext: initialization completed in 690 ms
2021-11-18 00:51:32.890  INFO 9273 --- [restartedMain] o.hibernate.jpa.internal.util.LogHelper  : HHH000204: Processing PersistenceUnitInfo [name: default]
2021-11-18 00:51:32.912  INFO 9273 --- [restartedMain] org.hibernate.Version                    : HHH000412: Hibernate ORM core version 5.4.32.Final
2021-11-18 00:51:32.972  INFO 9273 --- [restartedMain] o.hibernate.annotations.common.Version   : HCANN000001: Hibernate Commons Annotations {5.1.2.Final}
2021-11-18 00:51:33.004  INFO 9273 --- [restartedMain] com.zaxxer.hikari.HikariDataSource       : HikariPool-1 - Starting...
2021-11-18 00:51:33.222  INFO 9273 --- [restartedMain] com.zaxxer.hikari.HikariDataSource       : HikariPool-1 - Start completed.
2021-11-18 00:51:33.228  INFO 9273 --- [restartedMain] org.hibernate.dialect.Dialect            : HHH000400: Using dialect: org.hibernate.dialect.MySQL5InnoDBDialect
2021-11-18 00:51:33.459  INFO 9273 --- [restartedMain] o.h.e.t.j.p.i.JtaPlatformInitiator       : HHH000490: Using JtaPlatform implementation: [org.hibernate.engine.transaction.jta.platform.internal.NoJtaPlatform]
2021-11-18 00:51:33.462  INFO 9273 --- [restartedMain] j.LocalContainerEntityManagerFactoryBean : Initialized JPA EntityManagerFactory for persistence unit 'default'
2021-11-18 00:51:33.618  WARN 9273 --- [restartedMain] JpaBaseConfiguration$JpaWebConfiguration : spring.jpa.open-in-view is enabled by default. Therefore, database queries may be performed during view rendering. Explicitly configure spring.jpa.open-in-view to disable this warning
2021-11-18 00:51:33.730  INFO 9273 --- [restartedMain] o.s.s.web.DefaultSecurityFilterChain     : Will secure org.springframework.boot.autoconfigure.security.servlet.StaticResourceRequest$StaticResourceRequestMatcher@7b8d9452 with []
2021-11-18 00:51:33.772  INFO 9273 --- [restartedMain] o.s.s.web.DefaultSecurityFilterChain     : Will secure any request with [org.springframework.security.web.context.request.async.WebAsyncManagerIntegrationFilter@67ff220c, org.springframework.security.web.context.SecurityContextPersistenceFilter@2fba56e5, org.springframework.security.web.header.HeaderWriterFilter@5feb6ee4, org.springframework.security.web.csrf.CsrfFilter@58cbf45f, org.springframework.security.web.authentication.logout.LogoutFilter@34c2c7c, org.springframework.security.web.authentication.UsernamePasswordAuthenticationFilter@32cf7ec3, org.springframework.security.web.savedrequest.RequestCacheAwareFilter@171f9f68, org.springframework.security.web.servletapi.SecurityContextHolderAwareRequestFilter@f6f9521, org.springframework.security.web.authentication.rememberme.RememberMeAuthenticationFilter@5181a9e1, org.springframework.security.web.authentication.AnonymousAuthenticationFilter@64829c86, org.springframework.security.web.session.SessionManagementFilter@2dc68a4e, org.springframework.security.web.access.ExceptionTranslationFilter@5962b61d, org.springframework.security.web.access.intercept.FilterSecurityInterceptor@7fdf8439]
2021-11-18 00:51:34.150  INFO 9273 --- [restartedMain] o.s.b.d.a.OptionalLiveReloadServer       : LiveReload server is running on port 35729
2021-11-18 00:51:34.186  INFO 9273 --- [restartedMain] o.s.b.w.embedded.tomcat.TomcatWebServer  : Tomcat started on port(s): 8080 (http) with context path ''
2021-11-18 00:51:34.197  INFO 9273 --- [restartedMain] com.devfox.bbvape.BbvapeApplication      : Started BbvapeApplication in 2.295 seconds (JVM running for 2.735)
2021-11-18 00:51:38.419  INFO 9273 --- [http-nio-8080-exec-1] o.a.c.c.C.[Tomcat].[localhost].[/]       : Initializing Spring DispatcherServlet 'dispatcherServlet'
2021-11-18 00:51:38.420  INFO 9273 --- [http-nio-8080-exec-1] o.s.web.servlet.DispatcherServlet        : Initializing Servlet 'dispatcherServlet'
2021-11-18 00:51:38.422  INFO 9273 --- [http-nio-8080-exec-1] o.s.web.servlet.DispatcherServlet        : Completed initialization in 2 ms
2021-11-18 00:52:21.946  INFO 9273 --- [SpringApplicationShutdownHook] j.LocalContainerEntityManagerFactoryBean : Closing JPA EntityManagerFactory for persistence unit 'default'
2021-11-18 00:52:21.950  INFO 9273 --- [SpringApplicationShutdownHook] com.zaxxer.hikari.HikariDataSource       : HikariPool-1 - Shutdown initiated...
2021-11-18 00:52:21.958  INFO 9273 --- [SpringApplicationShutdownHook] com.zaxxer.hikari.HikariDataSource       : HikariPool-1 - Shutdown completed.
2021-11-18 00:52:24.069  INFO 9330 --- [restartedMain] com.devfox.bbvape.BbvapeApplication      : Starting BbvapeApplication using Java 11.0.13 on Jinsolui-MacBook-Pro.local with PID 9330 (/Users/devfox/Documents/Projects/ideaProjects/bbvape/build/classes/java/main started by devfox in /Users/devfox/Documents/Projects/ideaProjects/bbvape)
2021-11-18 00:52:24.069  INFO 9330 --- [restartedMain] com.devfox.bbvape.BbvapeApplication      : No active profile set, falling back to default profiles: default
2021-11-18 00:52:24.088  INFO 9330 --- [restartedMain] .e.DevToolsPropertyDefaultsPostProcessor : Devtools property defaults active! Set 'spring.devtools.add-properties' to 'false' to disable
2021-11-18 00:52:24.089  INFO 9330 --- [restartedMain] .e.DevToolsPropertyDefaultsPostProcessor : For additional web related logging consider setting the 'logging.level.web' property to 'DEBUG'
2021-11-18 00:52:24.353  INFO 9330 --- [restartedMain] .s.d.r.c.RepositoryConfigurationDelegate : Bootstrapping Spring Data JPA repositories in DEFAULT mode.
2021-11-18 00:52:24.375  INFO 9330 --- [restartedMain] .s.d.r.c.RepositoryConfigurationDelegate : Finished Spring Data repository scanning in 19 ms. Found 2 JPA repository interfaces.
2021-11-18 00:52:24.525  INFO 9330 --- [restartedMain] trationDelegate$BeanPostProcessorChecker : Bean 'org.springframework.security.access.expression.method.DefaultMethodSecurityExpressionHandler@4cdd3a8a' of type [org.springframework.security.access.expression.method.DefaultMethodSecurityExpressionHandler] is not eligible for getting processed by all BeanPostProcessors (for example: not eligible for auto-proxying)
2021-11-18 00:52:24.527  INFO 9330 --- [restartedMain] trationDelegate$BeanPostProcessorChecker : Bean 'methodSecurityMetadataSource' of type [org.springframework.security.access.method.DelegatingMethodSecurityMetadataSource] is not eligible for getting processed by all BeanPostProcessors (for example: not eligible for auto-proxying)
2021-11-18 00:52:24.654  INFO 9330 --- [restartedMain] o.s.b.w.embedded.tomcat.TomcatWebServer  : Tomcat initialized with port(s): 8080 (http)
2021-11-18 00:52:24.657  INFO 9330 --- [restartedMain] o.apache.catalina.core.StandardService   : Starting service [Tomcat]
2021-11-18 00:52:24.657  INFO 9330 --- [restartedMain] org.apache.catalina.core.StandardEngine  : Starting Servlet engine: [Apache Tomcat/9.0.53]
2021-11-18 00:52:24.689  INFO 9330 --- [restartedMain] o.a.c.c.C.[Tomcat].[localhost].[/]       : Initializing Spring embedded WebApplicationContext
2021-11-18 00:52:24.689  INFO 9330 --- [restartedMain] w.s.c.ServletWebServerApplicationContext : Root WebApplicationContext: initialization completed in 600 ms
2021-11-18 00:52:24.775  INFO 9330 --- [restartedMain] o.hibernate.jpa.internal.util.LogHelper  : HHH000204: Processing PersistenceUnitInfo [name: default]
2021-11-18 00:52:24.791  INFO 9330 --- [restartedMain] org.hibernate.Version                    : HHH000412: Hibernate ORM core version 5.4.32.Final
2021-11-18 00:52:24.835  INFO 9330 --- [restartedMain] o.hibernate.annotations.common.Version   : HCANN000001: Hibernate Commons Annotations {5.1.2.Final}
2021-11-18 00:52:24.864  INFO 9330 --- [restartedMain] com.zaxxer.hikari.HikariDataSource       : HikariPool-1 - Starting...
2021-11-18 00:52:24.996  INFO 9330 --- [restartedMain] com.zaxxer.hikari.HikariDataSource       : HikariPool-1 - Start completed.
2021-11-18 00:52:25.001  INFO 9330 --- [restartedMain] org.hibernate.dialect.Dialect            : HHH000400: Using dialect: org.hibernate.dialect.MySQL5InnoDBDialect
2021-11-18 00:52:25.195  INFO 9330 --- [restartedMain] o.h.e.t.j.p.i.JtaPlatformInitiator       : HHH000490: Using JtaPlatform implementation: [org.hibernate.engine.transaction.jta.platform.internal.NoJtaPlatform]
2021-11-18 00:52:25.198  INFO 9330 --- [restartedMain] j.LocalContainerEntityManagerFactoryBean : Initialized JPA EntityManagerFactory for persistence unit 'default'
2021-11-18 00:52:25.354  WARN 9330 --- [restartedMain] JpaBaseConfiguration$JpaWebConfiguration : spring.jpa.open-in-view is enabled by default. Therefore, database queries may be performed during view rendering. Explicitly configure spring.jpa.open-in-view to disable this warning
2021-11-18 00:52:25.459  INFO 9330 --- [restartedMain] o.s.s.web.DefaultSecurityFilterChain     : Will secure org.springframework.boot.autoconfigure.security.servlet.StaticResourceRequest$StaticResourceRequestMatcher@35309ab with []
2021-11-18 00:52:25.499  INFO 9330 --- [restartedMain] o.s.s.web.DefaultSecurityFilterChain     : Will secure any request with [org.springframework.security.web.context.request.async.WebAsyncManagerIntegrationFilter@63416fea, org.springframework.security.web.context.SecurityContextPersistenceFilter@21cbd29, org.springframework.security.web.header.HeaderWriterFilter@26c220f4, org.springframework.security.web.csrf.CsrfFilter@4c0c6ab8, org.springframework.security.web.authentication.logout.LogoutFilter@29f68ab2, org.springframework.security.web.authentication.UsernamePasswordAuthenticationFilter@2b5a0a02, org.springframework.security.web.savedrequest.RequestCacheAwareFilter@691077fa, org.springframework.security.web.servletapi.SecurityContextHolderAwareRequestFilter@64ffcdd, org.springframework.security.web.authentication.rememberme.RememberMeAuthenticationFilter@1bb4e66b, org.springframework.security.web.authentication.AnonymousAuthenticationFilter@2d589b9e, org.springframework.security.web.session.SessionManagementFilter@18043f72, org.springframework.security.web.access.ExceptionTranslationFilter@1361cc42, org.springframework.security.web.access.intercept.FilterSecurityInterceptor@3b6eb733]
2021-11-18 00:52:25.955  INFO 9330 --- [restartedMain] o.s.b.d.a.OptionalLiveReloadServer       : LiveReload server is running on port 35729
2021-11-18 00:52:25.980  INFO 9330 --- [restartedMain] o.s.b.w.embedded.tomcat.TomcatWebServer  : Tomcat started on port(s): 8080 (http) with context path ''
2021-11-18 00:52:25.986  INFO 9330 --- [restartedMain] com.devfox.bbvape.BbvapeApplication      : Started BbvapeApplication in 2.097 seconds (JVM running for 2.494)
2021-11-18 00:52:29.547  INFO 9330 --- [http-nio-8080-exec-1] o.a.c.c.C.[Tomcat].[localhost].[/]       : Initializing Spring DispatcherServlet 'dispatcherServlet'
2021-11-18 00:52:29.548  INFO 9330 --- [http-nio-8080-exec-1] o.s.web.servlet.DispatcherServlet        : Initializing Servlet 'dispatcherServlet'
2021-11-18 00:52:29.551  INFO 9330 --- [http-nio-8080-exec-1] o.s.web.servlet.DispatcherServlet        : Completed initialization in 3 ms
2021-11-18 00:54:35.659  INFO 9330 --- [SpringApplicationShutdownHook] j.LocalContainerEntityManagerFactoryBean : Closing JPA EntityManagerFactory for persistence unit 'default'
2021-11-18 00:54:35.663  INFO 9330 --- [SpringApplicationShutdownHook] com.zaxxer.hikari.HikariDataSource       : HikariPool-1 - Shutdown initiated...
2021-11-18 00:54:35.669  INFO 9330 --- [SpringApplicationShutdownHook] com.zaxxer.hikari.HikariDataSource       : HikariPool-1 - Shutdown completed.
2021-11-18 00:54:38.449  INFO 9365 --- [restartedMain] com.devfox.bbvape.BbvapeApplication      : Starting BbvapeApplication using Java 11.0.13 on Jinsolui-MacBook-Pro.local with PID 9365 (/Users/devfox/Documents/Projects/ideaProjects/bbvape/build/classes/java/main started by devfox in /Users/devfox/Documents/Projects/ideaProjects/bbvape)
2021-11-18 00:54:38.450  INFO 9365 --- [restartedMain] com.devfox.bbvape.BbvapeApplication      : No active profile set, falling back to default profiles: default
2021-11-18 00:54:38.468  INFO 9365 --- [restartedMain] .e.DevToolsPropertyDefaultsPostProcessor : Devtools property defaults active! Set 'spring.devtools.add-properties' to 'false' to disable
2021-11-18 00:54:38.469  INFO 9365 --- [restartedMain] .e.DevToolsPropertyDefaultsPostProcessor : For additional web related logging consider setting the 'logging.level.web' property to 'DEBUG'
2021-11-18 00:54:38.739  INFO 9365 --- [restartedMain] .s.d.r.c.RepositoryConfigurationDelegate : Bootstrapping Spring Data JPA repositories in DEFAULT mode.
2021-11-18 00:54:38.760  INFO 9365 --- [restartedMain] .s.d.r.c.RepositoryConfigurationDelegate : Finished Spring Data repository scanning in 19 ms. Found 2 JPA repository interfaces.
2021-11-18 00:54:38.890  INFO 9365 --- [restartedMain] trationDelegate$BeanPostProcessorChecker : Bean 'org.springframework.security.access.expression.method.DefaultMethodSecurityExpressionHandler@53a1da0' of type [org.springframework.security.access.expression.method.DefaultMethodSecurityExpressionHandler] is not eligible for getting processed by all BeanPostProcessors (for example: not eligible for auto-proxying)
2021-11-18 00:54:38.891  INFO 9365 --- [restartedMain] trationDelegate$BeanPostProcessorChecker : Bean 'methodSecurityMetadataSource' of type [org.springframework.security.access.method.DelegatingMethodSecurityMetadataSource] is not eligible for getting processed by all BeanPostProcessors (for example: not eligible for auto-proxying)
2021-11-18 00:54:39.011  INFO 9365 --- [restartedMain] o.s.b.w.embedded.tomcat.TomcatWebServer  : Tomcat initialized with port(s): 8080 (http)
2021-11-18 00:54:39.015  INFO 9365 --- [restartedMain] o.apache.catalina.core.StandardService   : Starting service [Tomcat]
2021-11-18 00:54:39.015  INFO 9365 --- [restartedMain] org.apache.catalina.core.StandardEngine  : Starting Servlet engine: [Apache Tomcat/9.0.53]
2021-11-18 00:54:39.046  INFO 9365 --- [restartedMain] o.a.c.c.C.[Tomcat].[localhost].[/]       : Initializing Spring embedded WebApplicationContext
2021-11-18 00:54:39.046  INFO 9365 --- [restartedMain] w.s.c.ServletWebServerApplicationContext : Root WebApplicationContext: initialization completed in 577 ms
2021-11-18 00:54:39.148  INFO 9365 --- [restartedMain] o.hibernate.jpa.internal.util.LogHelper  : HHH000204: Processing PersistenceUnitInfo [name: default]
2021-11-18 00:54:39.169  INFO 9365 --- [restartedMain] org.hibernate.Version                    : HHH000412: Hibernate ORM core version 5.4.32.Final
2021-11-18 00:54:39.224  INFO 9365 --- [restartedMain] o.hibernate.annotations.common.Version   : HCANN000001: Hibernate Commons Annotations {5.1.2.Final}
2021-11-18 00:54:39.256  INFO 9365 --- [restartedMain] com.zaxxer.hikari.HikariDataSource       : HikariPool-1 - Starting...
2021-11-18 00:54:39.411  INFO 9365 --- [restartedMain] com.zaxxer.hikari.HikariDataSource       : HikariPool-1 - Start completed.
2021-11-18 00:54:39.416  INFO 9365 --- [restartedMain] org.hibernate.dialect.Dialect            : HHH000400: Using dialect: org.hibernate.dialect.MySQL5InnoDBDialect
2021-11-18 00:54:39.629  INFO 9365 --- [restartedMain] o.h.e.t.j.p.i.JtaPlatformInitiator       : HHH000490: Using JtaPlatform implementation: [org.hibernate.engine.transaction.jta.platform.internal.NoJtaPlatform]
2021-11-18 00:54:39.633  INFO 9365 --- [restartedMain] j.LocalContainerEntityManagerFactoryBean : Initialized JPA EntityManagerFactory for persistence unit 'default'
2021-11-18 00:54:39.788  WARN 9365 --- [restartedMain] JpaBaseConfiguration$JpaWebConfiguration : spring.jpa.open-in-view is enabled by default. Therefore, database queries may be performed during view rendering. Explicitly configure spring.jpa.open-in-view to disable this warning
2021-11-18 00:54:39.903  INFO 9365 --- [restartedMain] o.s.s.web.DefaultSecurityFilterChain     : Will secure org.springframework.boot.autoconfigure.security.servlet.StaticResourceRequest$StaticResourceRequestMatcher@13268a7b with []
2021-11-18 00:54:39.953  INFO 9365 --- [restartedMain] o.s.s.web.DefaultSecurityFilterChain     : Will secure any request with [org.springframework.security.web.context.request.async.WebAsyncManagerIntegrationFilter@413c80b9, org.springframework.security.web.context.SecurityContextPersistenceFilter@216c838c, org.springframework.security.web.header.HeaderWriterFilter@50619e3a, org.springframework.security.web.csrf.CsrfFilter@5fef92b4, org.springframework.security.web.authentication.logout.LogoutFilter@72986e0e, org.springframework.security.web.authentication.UsernamePasswordAuthenticationFilter@2c783955, org.springframework.security.web.savedrequest.RequestCacheAwareFilter@6de4e97d, org.springframework.security.web.servletapi.SecurityContextHolderAwareRequestFilter@40a0ef9f, org.springframework.security.web.authentication.rememberme.RememberMeAuthenticationFilter@5b22fa76, org.springframework.security.web.authentication.AnonymousAuthenticationFilter@441d8c0f, org.springframework.security.web.session.SessionManagementFilter@44302d03, org.springframework.security.web.access.ExceptionTranslationFilter@67b8ac52, org.springframework.security.web.access.intercept.FilterSecurityInterceptor@861a8b1]
2021-11-18 00:54:40.350  INFO 9365 --- [restartedMain] o.s.b.d.a.OptionalLiveReloadServer       : LiveReload server is running on port 35729
2021-11-18 00:54:40.375  INFO 9365 --- [restartedMain] o.s.b.w.embedded.tomcat.TomcatWebServer  : Tomcat started on port(s): 8080 (http) with context path ''
2021-11-18 00:54:40.381  INFO 9365 --- [restartedMain] com.devfox.bbvape.BbvapeApplication      : Started BbvapeApplication in 2.072 seconds (JVM running for 2.401)
2021-11-18 00:54:46.899  INFO 9365 --- [http-nio-8080-exec-1] o.a.c.c.C.[Tomcat].[localhost].[/]       : Initializing Spring DispatcherServlet 'dispatcherServlet'
2021-11-18 00:54:46.900  INFO 9365 --- [http-nio-8080-exec-1] o.s.web.servlet.DispatcherServlet        : Initializing Servlet 'dispatcherServlet'
2021-11-18 00:54:46.901  INFO 9365 --- [http-nio-8080-exec-1] o.s.web.servlet.DispatcherServlet        : Completed initialization in 1 ms
2021-11-18 00:55:46.039  INFO 9365 --- [SpringApplicationShutdownHook] j.LocalContainerEntityManagerFactoryBean : Closing JPA EntityManagerFactory for persistence unit 'default'
2021-11-18 00:55:46.046  INFO 9365 --- [SpringApplicationShutdownHook] com.zaxxer.hikari.HikariDataSource       : HikariPool-1 - Shutdown initiated...
2021-11-18 00:55:46.052  INFO 9365 --- [SpringApplicationShutdownHook] com.zaxxer.hikari.HikariDataSource       : HikariPool-1 - Shutdown completed.
2021-11-18 00:55:48.701  INFO 9417 --- [restartedMain] com.devfox.bbvape.BbvapeApplication      : Starting BbvapeApplication using Java 11.0.13 on Jinsolui-MacBook-Pro.local with PID 9417 (/Users/devfox/Documents/Projects/ideaProjects/bbvape/build/classes/java/main started by devfox in /Users/devfox/Documents/Projects/ideaProjects/bbvape)
2021-11-18 00:55:48.701  INFO 9417 --- [restartedMain] com.devfox.bbvape.BbvapeApplication      : No active profile set, falling back to default profiles: default
2021-11-18 00:55:48.719  INFO 9417 --- [restartedMain] .e.DevToolsPropertyDefaultsPostProcessor : Devtools property defaults active! Set 'spring.devtools.add-properties' to 'false' to disable
2021-11-18 00:55:48.719  INFO 9417 --- [restartedMain] .e.DevToolsPropertyDefaultsPostProcessor : For additional web related logging consider setting the 'logging.level.web' property to 'DEBUG'
2021-11-18 00:55:48.990  INFO 9417 --- [restartedMain] .s.d.r.c.RepositoryConfigurationDelegate : Bootstrapping Spring Data JPA repositories in DEFAULT mode.
2021-11-18 00:55:49.012  INFO 9417 --- [restartedMain] .s.d.r.c.RepositoryConfigurationDelegate : Finished Spring Data repository scanning in 19 ms. Found 2 JPA repository interfaces.
2021-11-18 00:55:49.135  INFO 9417 --- [restartedMain] trationDelegate$BeanPostProcessorChecker : Bean 'org.springframework.security.access.expression.method.DefaultMethodSecurityExpressionHandler@8fce0c3' of type [org.springframework.security.access.expression.method.DefaultMethodSecurityExpressionHandler] is not eligible for getting processed by all BeanPostProcessors (for example: not eligible for auto-proxying)
2021-11-18 00:55:49.137  INFO 9417 --- [restartedMain] trationDelegate$BeanPostProcessorChecker : Bean 'methodSecurityMetadataSource' of type [org.springframework.security.access.method.DelegatingMethodSecurityMetadataSource] is not eligible for getting processed by all BeanPostProcessors (for example: not eligible for auto-proxying)
2021-11-18 00:55:49.257  INFO 9417 --- [restartedMain] o.s.b.w.embedded.tomcat.TomcatWebServer  : Tomcat initialized with port(s): 8080 (http)
2021-11-18 00:55:49.261  INFO 9417 --- [restartedMain] o.apache.catalina.core.StandardService   : Starting service [Tomcat]
2021-11-18 00:55:49.262  INFO 9417 --- [restartedMain] org.apache.catalina.core.StandardEngine  : Starting Servlet engine: [Apache Tomcat/9.0.53]
2021-11-18 00:55:49.297  INFO 9417 --- [restartedMain] o.a.c.c.C.[Tomcat].[localhost].[/]       : Initializing Spring embedded WebApplicationContext
2021-11-18 00:55:49.297  INFO 9417 --- [restartedMain] w.s.c.ServletWebServerApplicationContext : Root WebApplicationContext: initialization completed in 578 ms
2021-11-18 00:55:49.392  INFO 9417 --- [restartedMain] o.hibernate.jpa.internal.util.LogHelper  : HHH000204: Processing PersistenceUnitInfo [name: default]
2021-11-18 00:55:49.412  INFO 9417 --- [restartedMain] org.hibernate.Version                    : HHH000412: Hibernate ORM core version 5.4.32.Final
2021-11-18 00:55:49.459  INFO 9417 --- [restartedMain] o.hibernate.annotations.common.Version   : HCANN000001: Hibernate Commons Annotations {5.1.2.Final}
2021-11-18 00:55:49.492  INFO 9417 --- [restartedMain] com.zaxxer.hikari.HikariDataSource       : HikariPool-1 - Starting...
2021-11-18 00:55:49.630  INFO 9417 --- [restartedMain] com.zaxxer.hikari.HikariDataSource       : HikariPool-1 - Start completed.
2021-11-18 00:55:49.635  INFO 9417 --- [restartedMain] org.hibernate.dialect.Dialect            : HHH000400: Using dialect: org.hibernate.dialect.MySQL5InnoDBDialect
2021-11-18 00:55:49.847  INFO 9417 --- [restartedMain] o.h.e.t.j.p.i.JtaPlatformInitiator       : HHH000490: Using JtaPlatform implementation: [org.hibernate.engine.transaction.jta.platform.internal.NoJtaPlatform]
2021-11-18 00:55:49.850  INFO 9417 --- [restartedMain] j.LocalContainerEntityManagerFactoryBean : Initialized JPA EntityManagerFactory for persistence unit 'default'
2021-11-18 00:55:49.995  WARN 9417 --- [restartedMain] JpaBaseConfiguration$JpaWebConfiguration : spring.jpa.open-in-view is enabled by default. Therefore, database queries may be performed during view rendering. Explicitly configure spring.jpa.open-in-view to disable this warning
2021-11-18 00:55:50.084  INFO 9417 --- [restartedMain] o.s.s.web.DefaultSecurityFilterChain     : Will secure org.springframework.boot.autoconfigure.security.servlet.StaticResourceRequest$StaticResourceRequestMatcher@2f129931 with []
2021-11-18 00:55:50.122  INFO 9417 --- [restartedMain] o.s.s.web.DefaultSecurityFilterChain     : Will secure any request with [org.springframework.security.web.context.request.async.WebAsyncManagerIntegrationFilter@269e0a1, org.springframework.security.web.context.SecurityContextPersistenceFilter@410eb40e, org.springframework.security.web.header.HeaderWriterFilter@5c7ec902, org.springframework.security.web.csrf.CsrfFilter@2be8881b, org.springframework.security.web.authentication.logout.LogoutFilter@2f5472a5, org.springframework.security.web.authentication.UsernamePasswordAuthenticationFilter@79f4954c, org.springframework.security.web.savedrequest.RequestCacheAwareFilter@20860115, org.springframework.security.web.servletapi.SecurityContextHolderAwareRequestFilter@78d25df4, org.springframework.security.web.authentication.rememberme.RememberMeAuthenticationFilter@109b21cb, org.springframework.security.web.authentication.AnonymousAuthenticationFilter@232e4fd6, org.springframework.security.web.session.SessionManagementFilter@1f8bef22, org.springframework.security.web.access.ExceptionTranslationFilter@3554ed15, org.springframework.security.web.access.intercept.FilterSecurityInterceptor@6be951f3]
2021-11-18 00:55:50.520  INFO 9417 --- [restartedMain] o.s.b.d.a.OptionalLiveReloadServer       : LiveReload server is running on port 35729
2021-11-18 00:55:50.544  INFO 9417 --- [restartedMain] o.s.b.w.embedded.tomcat.TomcatWebServer  : Tomcat started on port(s): 8080 (http) with context path ''
2021-11-18 00:55:50.550  INFO 9417 --- [restartedMain] com.devfox.bbvape.BbvapeApplication      : Started BbvapeApplication in 1.992 seconds (JVM running for 2.315)
2021-11-18 00:55:53.172  INFO 9417 --- [http-nio-8080-exec-1] o.a.c.c.C.[Tomcat].[localhost].[/]       : Initializing Spring DispatcherServlet 'dispatcherServlet'
2021-11-18 00:55:53.172  INFO 9417 --- [http-nio-8080-exec-1] o.s.web.servlet.DispatcherServlet        : Initializing Servlet 'dispatcherServlet'
2021-11-18 00:55:53.173  INFO 9417 --- [http-nio-8080-exec-1] o.s.web.servlet.DispatcherServlet        : Completed initialization in 1 ms
2021-11-18 00:56:27.031  INFO 9417 --- [SpringApplicationShutdownHook] j.LocalContainerEntityManagerFactoryBean : Closing JPA EntityManagerFactory for persistence unit 'default'
2021-11-18 00:56:27.034  INFO 9417 --- [SpringApplicationShutdownHook] com.zaxxer.hikari.HikariDataSource       : HikariPool-1 - Shutdown initiated...
2021-11-18 00:56:27.040  INFO 9417 --- [SpringApplicationShutdownHook] com.zaxxer.hikari.HikariDataSource       : HikariPool-1 - Shutdown completed.
2021-11-18 00:56:29.790  INFO 9466 --- [restartedMain] com.devfox.bbvape.BbvapeApplication      : Starting BbvapeApplication using Java 11.0.13 on Jinsolui-MacBook-Pro.local with PID 9466 (/Users/devfox/Documents/Projects/ideaProjects/bbvape/build/classes/java/main started by devfox in /Users/devfox/Documents/Projects/ideaProjects/bbvape)
2021-11-18 00:56:29.793  INFO 9466 --- [restartedMain] com.devfox.bbvape.BbvapeApplication      : No active profile set, falling back to default profiles: default
2021-11-18 00:56:29.811  INFO 9466 --- [restartedMain] .e.DevToolsPropertyDefaultsPostProcessor : Devtools property defaults active! Set 'spring.devtools.add-properties' to 'false' to disable
2021-11-18 00:56:29.811  INFO 9466 --- [restartedMain] .e.DevToolsPropertyDefaultsPostProcessor : For additional web related logging consider setting the 'logging.level.web' property to 'DEBUG'
2021-11-18 00:56:30.081  INFO 9466 --- [restartedMain] .s.d.r.c.RepositoryConfigurationDelegate : Bootstrapping Spring Data JPA repositories in DEFAULT mode.
2021-11-18 00:56:30.103  INFO 9466 --- [restartedMain] .s.d.r.c.RepositoryConfigurationDelegate : Finished Spring Data repository scanning in 18 ms. Found 2 JPA repository interfaces.
2021-11-18 00:56:30.225  INFO 9466 --- [restartedMain] trationDelegate$BeanPostProcessorChecker : Bean 'org.springframework.security.access.expression.method.DefaultMethodSecurityExpressionHandler@754a22cd' of type [org.springframework.security.access.expression.method.DefaultMethodSecurityExpressionHandler] is not eligible for getting processed by all BeanPostProcessors (for example: not eligible for auto-proxying)
2021-11-18 00:56:30.227  INFO 9466 --- [restartedMain] trationDelegate$BeanPostProcessorChecker : Bean 'methodSecurityMetadataSource' of type [org.springframework.security.access.method.DelegatingMethodSecurityMetadataSource] is not eligible for getting processed by all BeanPostProcessors (for example: not eligible for auto-proxying)
2021-11-18 00:56:30.342  INFO 9466 --- [restartedMain] o.s.b.w.embedded.tomcat.TomcatWebServer  : Tomcat initialized with port(s): 8080 (http)
2021-11-18 00:56:30.346  INFO 9466 --- [restartedMain] o.apache.catalina.core.StandardService   : Starting service [Tomcat]
2021-11-18 00:56:30.346  INFO 9466 --- [restartedMain] org.apache.catalina.core.StandardEngine  : Starting Servlet engine: [Apache Tomcat/9.0.53]
2021-11-18 00:56:30.390  INFO 9466 --- [restartedMain] o.a.c.c.C.[Tomcat].[localhost].[/]       : Initializing Spring embedded WebApplicationContext
2021-11-18 00:56:30.390  INFO 9466 --- [restartedMain] w.s.c.ServletWebServerApplicationContext : Root WebApplicationContext: initialization completed in 579 ms
2021-11-18 00:56:30.523  INFO 9466 --- [restartedMain] o.hibernate.jpa.internal.util.LogHelper  : HHH000204: Processing PersistenceUnitInfo [name: default]
2021-11-18 00:56:30.545  INFO 9466 --- [restartedMain] org.hibernate.Version                    : HHH000412: Hibernate ORM core version 5.4.32.Final
2021-11-18 00:56:30.591  INFO 9466 --- [restartedMain] o.hibernate.annotations.common.Version   : HCANN000001: Hibernate Commons Annotations {5.1.2.Final}
2021-11-18 00:56:30.620  INFO 9466 --- [restartedMain] com.zaxxer.hikari.HikariDataSource       : HikariPool-1 - Starting...
2021-11-18 00:56:30.745  INFO 9466 --- [restartedMain] com.zaxxer.hikari.HikariDataSource       : HikariPool-1 - Start completed.
2021-11-18 00:56:30.751  INFO 9466 --- [restartedMain] org.hibernate.dialect.Dialect            : HHH000400: Using dialect: org.hibernate.dialect.MySQL5InnoDBDialect
2021-11-18 00:56:30.950  INFO 9466 --- [restartedMain] o.h.e.t.j.p.i.JtaPlatformInitiator       : HHH000490: Using JtaPlatform implementation: [org.hibernate.engine.transaction.jta.platform.internal.NoJtaPlatform]
2021-11-18 00:56:30.953  INFO 9466 --- [restartedMain] j.LocalContainerEntityManagerFactoryBean : Initialized JPA EntityManagerFactory for persistence unit 'default'
2021-11-18 00:56:31.103  WARN 9466 --- [restartedMain] JpaBaseConfiguration$JpaWebConfiguration : spring.jpa.open-in-view is enabled by default. Therefore, database queries may be performed during view rendering. Explicitly configure spring.jpa.open-in-view to disable this warning
2021-11-18 00:56:31.182  INFO 9466 --- [restartedMain] o.s.s.web.DefaultSecurityFilterChain     : Will secure org.springframework.boot.autoconfigure.security.servlet.StaticResourceRequest$StaticResourceRequestMatcher@49ec8682 with []
2021-11-18 00:56:31.215  INFO 9466 --- [restartedMain] o.s.s.web.DefaultSecurityFilterChain     : Will secure any request with [org.springframework.security.web.context.request.async.WebAsyncManagerIntegrationFilter@621ac3a8, org.springframework.security.web.context.SecurityContextPersistenceFilter@43974fc9, org.springframework.security.web.header.HeaderWriterFilter@42a08f32, org.springframework.security.web.csrf.CsrfFilter@47adbf85, org.springframework.security.web.authentication.logout.LogoutFilter@7afb9677, org.springframework.security.web.authentication.UsernamePasswordAuthenticationFilter@402e4471, org.springframework.security.web.savedrequest.RequestCacheAwareFilter@75fc7369, org.springframework.security.web.servletapi.SecurityContextHolderAwareRequestFilter@5fef92b4, org.springframework.security.web.authentication.rememberme.RememberMeAuthenticationFilter@50619e3a, org.springframework.security.web.authentication.AnonymousAuthenticationFilter@141a8198, org.springframework.security.web.session.SessionManagementFilter@67bf2491, org.springframework.security.web.access.ExceptionTranslationFilter@c18fd94, org.springframework.security.web.access.intercept.FilterSecurityInterceptor@5574604b]
2021-11-18 00:56:31.584  INFO 9466 --- [restartedMain] o.s.b.d.a.OptionalLiveReloadServer       : LiveReload server is running on port 35729
2021-11-18 00:56:31.608  INFO 9466 --- [restartedMain] o.s.b.w.embedded.tomcat.TomcatWebServer  : Tomcat started on port(s): 8080 (http) with context path ''
2021-11-18 00:56:31.613  INFO 9466 --- [restartedMain] com.devfox.bbvape.BbvapeApplication      : Started BbvapeApplication in 1.999 seconds (JVM running for 2.451)
2021-11-18 00:56:32.811  INFO 9466 --- [http-nio-8080-exec-1] o.a.c.c.C.[Tomcat].[localhost].[/]       : Initializing Spring DispatcherServlet 'dispatcherServlet'
2021-11-18 00:56:32.812  INFO 9466 --- [http-nio-8080-exec-1] o.s.web.servlet.DispatcherServlet        : Initializing Servlet 'dispatcherServlet'
2021-11-18 00:56:32.813  INFO 9466 --- [http-nio-8080-exec-1] o.s.web.servlet.DispatcherServlet        : Completed initialization in 1 ms
2021-11-18 00:56:57.495  INFO 9466 --- [SpringApplicationShutdownHook] j.LocalContainerEntityManagerFactoryBean : Closing JPA EntityManagerFactory for persistence unit 'default'
2021-11-18 00:56:57.500  INFO 9466 --- [SpringApplicationShutdownHook] com.zaxxer.hikari.HikariDataSource       : HikariPool-1 - Shutdown initiated...
2021-11-18 00:56:57.516  INFO 9466 --- [SpringApplicationShutdownHook] com.zaxxer.hikari.HikariDataSource       : HikariPool-1 - Shutdown completed.
2021-11-18 00:57:00.552  INFO 9537 --- [restartedMain] com.devfox.bbvape.BbvapeApplication      : Starting BbvapeApplication using Java 11.0.13 on Jinsolui-MacBook-Pro.local with PID 9537 (/Users/devfox/Documents/Projects/ideaProjects/bbvape/build/classes/java/main started by devfox in /Users/devfox/Documents/Projects/ideaProjects/bbvape)
2021-11-18 00:57:00.553  INFO 9537 --- [restartedMain] com.devfox.bbvape.BbvapeApplication      : No active profile set, falling back to default profiles: default
2021-11-18 00:57:00.590  INFO 9537 --- [restartedMain] .e.DevToolsPropertyDefaultsPostProcessor : Devtools property defaults active! Set 'spring.devtools.add-properties' to 'false' to disable
2021-11-18 00:57:00.590  INFO 9537 --- [restartedMain] .e.DevToolsPropertyDefaultsPostProcessor : For additional web related logging consider setting the 'logging.level.web' property to 'DEBUG'
2021-11-18 00:57:01.000  INFO 9537 --- [restartedMain] .s.d.r.c.RepositoryConfigurationDelegate : Bootstrapping Spring Data JPA repositories in DEFAULT mode.
2021-11-18 00:57:01.029  INFO 9537 --- [restartedMain] .s.d.r.c.RepositoryConfigurationDelegate : Finished Spring Data repository scanning in 26 ms. Found 2 JPA repository interfaces.
2021-11-18 00:57:01.220  INFO 9537 --- [restartedMain] trationDelegate$BeanPostProcessorChecker : Bean 'org.springframework.security.access.expression.method.DefaultMethodSecurityExpressionHandler@3e227096' of type [org.springframework.security.access.expression.method.DefaultMethodSecurityExpressionHandler] is not eligible for getting processed by all BeanPostProcessors (for example: not eligible for auto-proxying)
2021-11-18 00:57:01.222  INFO 9537 --- [restartedMain] trationDelegate$BeanPostProcessorChecker : Bean 'methodSecurityMetadataSource' of type [org.springframework.security.access.method.DelegatingMethodSecurityMetadataSource] is not eligible for getting processed by all BeanPostProcessors (for example: not eligible for auto-proxying)
2021-11-18 00:57:01.394  INFO 9537 --- [restartedMain] o.s.b.w.embedded.tomcat.TomcatWebServer  : Tomcat initialized with port(s): 8080 (http)
2021-11-18 00:57:01.399  INFO 9537 --- [restartedMain] o.apache.catalina.core.StandardService   : Starting service [Tomcat]
2021-11-18 00:57:01.399  INFO 9537 --- [restartedMain] org.apache.catalina.core.StandardEngine  : Starting Servlet engine: [Apache Tomcat/9.0.53]
2021-11-18 00:57:01.457  INFO 9537 --- [restartedMain] o.a.c.c.C.[Tomcat].[localhost].[/]       : Initializing Spring embedded WebApplicationContext
2021-11-18 00:57:01.457  INFO 9537 --- [restartedMain] w.s.c.ServletWebServerApplicationContext : Root WebApplicationContext: initialization completed in 866 ms
2021-11-18 00:57:01.587  INFO 9537 --- [restartedMain] o.hibernate.jpa.internal.util.LogHelper  : HHH000204: Processing PersistenceUnitInfo [name: default]
2021-11-18 00:57:01.608  INFO 9537 --- [restartedMain] org.hibernate.Version                    : HHH000412: Hibernate ORM core version 5.4.32.Final
2021-11-18 00:57:01.661  INFO 9537 --- [restartedMain] o.hibernate.annotations.common.Version   : HCANN000001: Hibernate Commons Annotations {5.1.2.Final}
2021-11-18 00:57:01.710  INFO 9537 --- [restartedMain] com.zaxxer.hikari.HikariDataSource       : HikariPool-1 - Starting...
2021-11-18 00:57:01.891  INFO 9537 --- [restartedMain] com.zaxxer.hikari.HikariDataSource       : HikariPool-1 - Start completed.
2021-11-18 00:57:01.897  INFO 9537 --- [restartedMain] org.hibernate.dialect.Dialect            : HHH000400: Using dialect: org.hibernate.dialect.MySQL5InnoDBDialect
2021-11-18 00:57:02.166  INFO 9537 --- [restartedMain] o.h.e.t.j.p.i.JtaPlatformInitiator       : HHH000490: Using JtaPlatform implementation: [org.hibernate.engine.transaction.jta.platform.internal.NoJtaPlatform]
2021-11-18 00:57:02.170  INFO 9537 --- [restartedMain] j.LocalContainerEntityManagerFactoryBean : Initialized JPA EntityManagerFactory for persistence unit 'default'
2021-11-18 00:57:02.373  WARN 9537 --- [restartedMain] JpaBaseConfiguration$JpaWebConfiguration : spring.jpa.open-in-view is enabled by default. Therefore, database queries may be performed during view rendering. Explicitly configure spring.jpa.open-in-view to disable this warning
2021-11-18 00:57:02.504  INFO 9537 --- [restartedMain] o.s.s.web.DefaultSecurityFilterChain     : Will secure org.springframework.boot.autoconfigure.security.servlet.StaticResourceRequest$StaticResourceRequestMatcher@48b0653f with []
2021-11-18 00:57:02.554  INFO 9537 --- [restartedMain] o.s.s.web.DefaultSecurityFilterChain     : Will secure any request with [org.springframework.security.web.context.request.async.WebAsyncManagerIntegrationFilter@61d2917d, org.springframework.security.web.context.SecurityContextPersistenceFilter@65ad7a86, org.springframework.security.web.header.HeaderWriterFilter@17e8dfa4, org.springframework.security.web.csrf.CsrfFilter@55619a0a, org.springframework.security.web.authentication.logout.LogoutFilter@78984324, org.springframework.security.web.authentication.UsernamePasswordAuthenticationFilter@f4a8305, org.springframework.security.web.savedrequest.RequestCacheAwareFilter@2828a0c5, org.springframework.security.web.servletapi.SecurityContextHolderAwareRequestFilter@207e2915, org.springframework.security.web.authentication.rememberme.RememberMeAuthenticationFilter@454b5233, org.springframework.security.web.authentication.AnonymousAuthenticationFilter@1184e6f1, org.springframework.security.web.session.SessionManagementFilter@1bf2e62e, org.springframework.security.web.access.ExceptionTranslationFilter@e03f13c, org.springframework.security.web.access.intercept.FilterSecurityInterceptor@3c8995fb]
2021-11-18 00:57:02.998  INFO 9537 --- [restartedMain] o.s.b.d.a.OptionalLiveReloadServer       : LiveReload server is running on port 35729
2021-11-18 00:57:03.029  INFO 9537 --- [restartedMain] o.s.b.w.embedded.tomcat.TomcatWebServer  : Tomcat started on port(s): 8080 (http) with context path ''
2021-11-18 00:57:03.035  INFO 9537 --- [restartedMain] com.devfox.bbvape.BbvapeApplication      : Started BbvapeApplication in 2.742 seconds (JVM running for 3.119)
2021-11-18 00:57:03.778  INFO 9537 --- [http-nio-8080-exec-1] o.a.c.c.C.[Tomcat].[localhost].[/]       : Initializing Spring DispatcherServlet 'dispatcherServlet'
2021-11-18 00:57:03.779  INFO 9537 --- [http-nio-8080-exec-1] o.s.web.servlet.DispatcherServlet        : Initializing Servlet 'dispatcherServlet'
2021-11-18 00:57:03.780  INFO 9537 --- [http-nio-8080-exec-1] o.s.web.servlet.DispatcherServlet        : Completed initialization in 1 ms
2021-11-18 01:06:54.350  INFO 9537 --- [SpringApplicationShutdownHook] j.LocalContainerEntityManagerFactoryBean : Closing JPA EntityManagerFactory for persistence unit 'default'
2021-11-18 01:06:54.354  INFO 9537 --- [SpringApplicationShutdownHook] com.zaxxer.hikari.HikariDataSource       : HikariPool-1 - Shutdown initiated...
2021-11-18 01:06:54.358  INFO 9537 --- [SpringApplicationShutdownHook] com.zaxxer.hikari.HikariDataSource       : HikariPool-1 - Shutdown completed.
2021-11-18 01:06:57.214  INFO 9670 --- [restartedMain] com.devfox.bbvape.BbvapeApplication      : Starting BbvapeApplication using Java 11.0.13 on Jinsolui-MacBook-Pro.local with PID 9670 (/Users/devfox/Documents/Projects/ideaProjects/bbvape/build/classes/java/main started by devfox in /Users/devfox/Documents/Projects/ideaProjects/bbvape)
2021-11-18 01:06:57.215  INFO 9670 --- [restartedMain] com.devfox.bbvape.BbvapeApplication      : No active profile set, falling back to default profiles: default
2021-11-18 01:06:57.231  INFO 9670 --- [restartedMain] .e.DevToolsPropertyDefaultsPostProcessor : Devtools property defaults active! Set 'spring.devtools.add-properties' to 'false' to disable
2021-11-18 01:06:57.231  INFO 9670 --- [restartedMain] .e.DevToolsPropertyDefaultsPostProcessor : For additional web related logging consider setting the 'logging.level.web' property to 'DEBUG'
2021-11-18 01:06:57.521  INFO 9670 --- [restartedMain] .s.d.r.c.RepositoryConfigurationDelegate : Bootstrapping Spring Data JPA repositories in DEFAULT mode.
2021-11-18 01:06:57.546  INFO 9670 --- [restartedMain] .s.d.r.c.RepositoryConfigurationDelegate : Finished Spring Data repository scanning in 22 ms. Found 2 JPA repository interfaces.
2021-11-18 01:06:57.698  INFO 9670 --- [restartedMain] trationDelegate$BeanPostProcessorChecker : Bean 'org.springframework.security.access.expression.method.DefaultMethodSecurityExpressionHandler@30dc8ccf' of type [org.springframework.security.access.expression.method.DefaultMethodSecurityExpressionHandler] is not eligible for getting processed by all BeanPostProcessors (for example: not eligible for auto-proxying)
2021-11-18 01:06:57.700  INFO 9670 --- [restartedMain] trationDelegate$BeanPostProcessorChecker : Bean 'methodSecurityMetadataSource' of type [org.springframework.security.access.method.DelegatingMethodSecurityMetadataSource] is not eligible for getting processed by all BeanPostProcessors (for example: not eligible for auto-proxying)
2021-11-18 01:06:57.838  INFO 9670 --- [restartedMain] o.s.b.w.embedded.tomcat.TomcatWebServer  : Tomcat initialized with port(s): 8080 (http)
2021-11-18 01:06:57.843  INFO 9670 --- [restartedMain] o.apache.catalina.core.StandardService   : Starting service [Tomcat]
2021-11-18 01:06:57.843  INFO 9670 --- [restartedMain] org.apache.catalina.core.StandardEngine  : Starting Servlet engine: [Apache Tomcat/9.0.53]
2021-11-18 01:06:57.874  INFO 9670 --- [restartedMain] o.a.c.c.C.[Tomcat].[localhost].[/]       : Initializing Spring embedded WebApplicationContext
2021-11-18 01:06:57.875  INFO 9670 --- [restartedMain] w.s.c.ServletWebServerApplicationContext : Root WebApplicationContext: initialization completed in 644 ms
2021-11-18 01:06:58.004  INFO 9670 --- [restartedMain] o.hibernate.jpa.internal.util.LogHelper  : HHH000204: Processing PersistenceUnitInfo [name: default]
2021-11-18 01:06:58.033  INFO 9670 --- [restartedMain] org.hibernate.Version                    : HHH000412: Hibernate ORM core version 5.4.32.Final
2021-11-18 01:06:58.099  INFO 9670 --- [restartedMain] o.hibernate.annotations.common.Version   : HCANN000001: Hibernate Commons Annotations {5.1.2.Final}
2021-11-18 01:06:58.137  INFO 9670 --- [restartedMain] com.zaxxer.hikari.HikariDataSource       : HikariPool-1 - Starting...
2021-11-18 01:06:58.466  INFO 9670 --- [restartedMain] com.zaxxer.hikari.HikariDataSource       : HikariPool-1 - Start completed.
2021-11-18 01:06:58.472  INFO 9670 --- [restartedMain] org.hibernate.dialect.Dialect            : HHH000400: Using dialect: org.hibernate.dialect.MySQL5InnoDBDialect
2021-11-18 01:06:58.696  INFO 9670 --- [restartedMain] o.h.e.t.j.p.i.JtaPlatformInitiator       : HHH000490: Using JtaPlatform implementation: [org.hibernate.engine.transaction.jta.platform.internal.NoJtaPlatform]
2021-11-18 01:06:58.699  INFO 9670 --- [restartedMain] j.LocalContainerEntityManagerFactoryBean : Initialized JPA EntityManagerFactory for persistence unit 'default'
2021-11-18 01:06:58.869  WARN 9670 --- [restartedMain] JpaBaseConfiguration$JpaWebConfiguration : spring.jpa.open-in-view is enabled by default. Therefore, database queries may be performed during view rendering. Explicitly configure spring.jpa.open-in-view to disable this warning
2021-11-18 01:06:58.966  INFO 9670 --- [restartedMain] o.s.s.web.DefaultSecurityFilterChain     : Will secure org.springframework.boot.autoconfigure.security.servlet.StaticResourceRequest$StaticResourceRequestMatcher@330db4df with []
2021-11-18 01:06:59.002  INFO 9670 --- [restartedMain] o.s.s.web.DefaultSecurityFilterChain     : Will secure any request with [org.springframework.security.web.context.request.async.WebAsyncManagerIntegrationFilter@3d7be3fe, org.springframework.security.web.context.SecurityContextPersistenceFilter@20664fe4, org.springframework.security.web.header.HeaderWriterFilter@5c4f9dc5, org.springframework.security.web.csrf.CsrfFilter@57a52842, org.springframework.security.web.authentication.logout.LogoutFilter@2bd73257, org.springframework.security.web.authentication.UsernamePasswordAuthenticationFilter@207e2915, org.springframework.security.web.savedrequest.RequestCacheAwareFilter@72e3365d, org.springframework.security.web.servletapi.SecurityContextHolderAwareRequestFilter@78caefc7, org.springframework.security.web.authentication.rememberme.RememberMeAuthenticationFilter@2bcd99fb, org.springframework.security.web.authentication.AnonymousAuthenticationFilter@35f3cc07, org.springframework.security.web.session.SessionManagementFilter@9a94da7, org.springframework.security.web.access.ExceptionTranslationFilter@7f891a62, org.springframework.security.web.access.intercept.FilterSecurityInterceptor@16c3d87e]
2021-11-18 01:06:59.373  INFO 9670 --- [restartedMain] o.s.b.d.a.OptionalLiveReloadServer       : LiveReload server is running on port 35729
2021-11-18 01:06:59.399  INFO 9670 --- [restartedMain] o.s.b.w.embedded.tomcat.TomcatWebServer  : Tomcat started on port(s): 8080 (http) with context path ''
2021-11-18 01:06:59.405  INFO 9670 --- [restartedMain] com.devfox.bbvape.BbvapeApplication      : Started BbvapeApplication in 2.365 seconds (JVM running for 2.824)
2021-11-18 01:09:19.631  INFO 9670 --- [SpringApplicationShutdownHook] j.LocalContainerEntityManagerFactoryBean : Closing JPA EntityManagerFactory for persistence unit 'default'
2021-11-18 01:09:19.634  INFO 9670 --- [SpringApplicationShutdownHook] com.zaxxer.hikari.HikariDataSource       : HikariPool-1 - Shutdown initiated...
2021-11-18 01:09:19.640  INFO 9670 --- [SpringApplicationShutdownHook] com.zaxxer.hikari.HikariDataSource       : HikariPool-1 - Shutdown completed.
2021-11-18 01:09:21.971  INFO 9721 --- [restartedMain] com.devfox.bbvape.BbvapeApplication      : Starting BbvapeApplication using Java 11.0.13 on Jinsolui-MacBook-Pro.local with PID 9721 (/Users/devfox/Documents/Projects/ideaProjects/bbvape/build/classes/java/main started by devfox in /Users/devfox/Documents/Projects/ideaProjects/bbvape)
2021-11-18 01:09:21.972  INFO 9721 --- [restartedMain] com.devfox.bbvape.BbvapeApplication      : No active profile set, falling back to default profiles: default
2021-11-18 01:09:21.995  INFO 9721 --- [restartedMain] .e.DevToolsPropertyDefaultsPostProcessor : Devtools property defaults active! Set 'spring.devtools.add-properties' to 'false' to disable
2021-11-18 01:09:21.995  INFO 9721 --- [restartedMain] .e.DevToolsPropertyDefaultsPostProcessor : For additional web related logging consider setting the 'logging.level.web' property to 'DEBUG'
2021-11-18 01:09:22.608  INFO 9721 --- [restartedMain] .s.d.r.c.RepositoryConfigurationDelegate : Bootstrapping Spring Data JPA repositories in DEFAULT mode.
2021-11-18 01:09:22.663  INFO 9721 --- [restartedMain] .s.d.r.c.RepositoryConfigurationDelegate : Finished Spring Data repository scanning in 49 ms. Found 2 JPA repository interfaces.
2021-11-18 01:09:22.876  INFO 9721 --- [restartedMain] trationDelegate$BeanPostProcessorChecker : Bean 'org.springframework.security.access.expression.method.DefaultMethodSecurityExpressionHandler@e0f2967' of type [org.springframework.security.access.expression.method.DefaultMethodSecurityExpressionHandler] is not eligible for getting processed by all BeanPostProcessors (for example: not eligible for auto-proxying)
2021-11-18 01:09:22.878  INFO 9721 --- [restartedMain] trationDelegate$BeanPostProcessorChecker : Bean 'methodSecurityMetadataSource' of type [org.springframework.security.access.method.DelegatingMethodSecurityMetadataSource] is not eligible for getting processed by all BeanPostProcessors (for example: not eligible for auto-proxying)
2021-11-18 01:09:23.065  INFO 9721 --- [restartedMain] o.s.b.w.embedded.tomcat.TomcatWebServer  : Tomcat initialized with port(s): 8080 (http)
2021-11-18 01:09:23.069  INFO 9721 --- [restartedMain] o.apache.catalina.core.StandardService   : Starting service [Tomcat]
2021-11-18 01:09:23.069  INFO 9721 --- [restartedMain] org.apache.catalina.core.StandardEngine  : Starting Servlet engine: [Apache Tomcat/9.0.53]
2021-11-18 01:09:23.104  INFO 9721 --- [restartedMain] o.a.c.c.C.[Tomcat].[localhost].[/]       : Initializing Spring embedded WebApplicationContext
2021-11-18 01:09:23.104  INFO 9721 --- [restartedMain] w.s.c.ServletWebServerApplicationContext : Root WebApplicationContext: initialization completed in 1109 ms
2021-11-18 01:09:23.200  INFO 9721 --- [restartedMain] o.hibernate.jpa.internal.util.LogHelper  : HHH000204: Processing PersistenceUnitInfo [name: default]
2021-11-18 01:09:23.218  INFO 9721 --- [restartedMain] org.hibernate.Version                    : HHH000412: Hibernate ORM core version 5.4.32.Final
2021-11-18 01:09:23.263  INFO 9721 --- [restartedMain] o.hibernate.annotations.common.Version   : HCANN000001: Hibernate Commons Annotations {5.1.2.Final}
2021-11-18 01:09:23.296  INFO 9721 --- [restartedMain] com.zaxxer.hikari.HikariDataSource       : HikariPool-1 - Starting...
2021-11-18 01:09:23.449  INFO 9721 --- [restartedMain] com.zaxxer.hikari.HikariDataSource       : HikariPool-1 - Start completed.
2021-11-18 01:09:23.457  INFO 9721 --- [restartedMain] org.hibernate.dialect.Dialect            : HHH000400: Using dialect: org.hibernate.dialect.MySQL5InnoDBDialect
2021-11-18 01:09:23.658  INFO 9721 --- [restartedMain] o.h.e.t.j.p.i.JtaPlatformInitiator       : HHH000490: Using JtaPlatform implementation: [org.hibernate.engine.transaction.jta.platform.internal.NoJtaPlatform]
2021-11-18 01:09:23.662  INFO 9721 --- [restartedMain] j.LocalContainerEntityManagerFactoryBean : Initialized JPA EntityManagerFactory for persistence unit 'default'
2021-11-18 01:09:23.808  WARN 9721 --- [restartedMain] JpaBaseConfiguration$JpaWebConfiguration : spring.jpa.open-in-view is enabled by default. Therefore, database queries may be performed during view rendering. Explicitly configure spring.jpa.open-in-view to disable this warning
2021-11-18 01:09:23.896  INFO 9721 --- [restartedMain] o.s.s.web.DefaultSecurityFilterChain     : Will secure org.springframework.boot.autoconfigure.security.servlet.StaticResourceRequest$StaticResourceRequestMatcher@507ce6f with []
2021-11-18 01:09:23.929  INFO 9721 --- [restartedMain] o.s.s.web.DefaultSecurityFilterChain     : Will secure any request with [org.springframework.security.web.context.request.async.WebAsyncManagerIntegrationFilter@5107bea6, org.springframework.security.web.context.SecurityContextPersistenceFilter@14f13c17, org.springframework.security.web.header.HeaderWriterFilter@2be8881b, org.springframework.security.web.csrf.CsrfFilter@79ed3ea2, org.springframework.security.web.authentication.logout.LogoutFilter@47cf3097, org.springframework.security.web.authentication.UsernamePasswordAuthenticationFilter@78d25df4, org.springframework.security.web.savedrequest.RequestCacheAwareFilter@3a1610c0, org.springframework.security.web.servletapi.SecurityContextHolderAwareRequestFilter@5294cf33, org.springframework.security.web.authentication.rememberme.RememberMeAuthenticationFilter@30311a5e, org.springframework.security.web.authentication.AnonymousAuthenticationFilter@1743149b, org.springframework.security.web.session.SessionManagementFilter@7f741eb2, org.springframework.security.web.access.ExceptionTranslationFilter@5444641, org.springframework.security.web.access.intercept.FilterSecurityInterceptor@7857caaf]
2021-11-18 01:09:24.271  INFO 9721 --- [restartedMain] o.s.b.d.a.OptionalLiveReloadServer       : LiveReload server is running on port 35729
2021-11-18 01:09:24.297  INFO 9721 --- [restartedMain] o.s.b.w.embedded.tomcat.TomcatWebServer  : Tomcat started on port(s): 8080 (http) with context path ''
2021-11-18 01:09:24.302  INFO 9721 --- [restartedMain] com.devfox.bbvape.BbvapeApplication      : Started BbvapeApplication in 2.557 seconds (JVM running for 2.934)
2021-11-18 01:09:36.560  INFO 9721 --- [http-nio-8080-exec-1] o.a.c.c.C.[Tomcat].[localhost].[/]       : Initializing Spring DispatcherServlet 'dispatcherServlet'
2021-11-18 01:09:36.561  INFO 9721 --- [http-nio-8080-exec-1] o.s.web.servlet.DispatcherServlet        : Initializing Servlet 'dispatcherServlet'
2021-11-18 01:09:36.562  INFO 9721 --- [http-nio-8080-exec-1] o.s.web.servlet.DispatcherServlet        : Completed initialization in 1 ms
2021-11-18 01:10:09.695  INFO 9721 --- [SpringApplicationShutdownHook] j.LocalContainerEntityManagerFactoryBean : Closing JPA EntityManagerFactory for persistence unit 'default'
2021-11-18 01:10:09.700  INFO 9721 --- [SpringApplicationShutdownHook] com.zaxxer.hikari.HikariDataSource       : HikariPool-1 - Shutdown initiated...
2021-11-18 01:10:09.721  INFO 9721 --- [SpringApplicationShutdownHook] com.zaxxer.hikari.HikariDataSource       : HikariPool-1 - Shutdown completed.
2021-11-18 01:10:13.357  INFO 9747 --- [restartedMain] com.devfox.bbvape.BbvapeApplication      : Starting BbvapeApplication using Java 11.0.13 on Jinsolui-MacBook-Pro.local with PID 9747 (/Users/devfox/Documents/Projects/ideaProjects/bbvape/build/classes/java/main started by devfox in /Users/devfox/Documents/Projects/ideaProjects/bbvape)
2021-11-18 01:10:13.360  INFO 9747 --- [restartedMain] com.devfox.bbvape.BbvapeApplication      : No active profile set, falling back to default profiles: default
2021-11-18 01:10:13.392  INFO 9747 --- [restartedMain] .e.DevToolsPropertyDefaultsPostProcessor : Devtools property defaults active! Set 'spring.devtools.add-properties' to 'false' to disable
2021-11-18 01:10:13.392  INFO 9747 --- [restartedMain] .e.DevToolsPropertyDefaultsPostProcessor : For additional web related logging consider setting the 'logging.level.web' property to 'DEBUG'
2021-11-18 01:10:13.805  INFO 9747 --- [restartedMain] .s.d.r.c.RepositoryConfigurationDelegate : Bootstrapping Spring Data JPA repositories in DEFAULT mode.
2021-11-18 01:10:13.833  INFO 9747 --- [restartedMain] .s.d.r.c.RepositoryConfigurationDelegate : Finished Spring Data repository scanning in 25 ms. Found 2 JPA repository interfaces.
2021-11-18 01:10:14.005  INFO 9747 --- [restartedMain] trationDelegate$BeanPostProcessorChecker : Bean 'org.springframework.security.access.expression.method.DefaultMethodSecurityExpressionHandler@21b2891c' of type [org.springframework.security.access.expression.method.DefaultMethodSecurityExpressionHandler] is not eligible for getting processed by all BeanPostProcessors (for example: not eligible for auto-proxying)
2021-11-18 01:10:14.007  INFO 9747 --- [restartedMain] trationDelegate$BeanPostProcessorChecker : Bean 'methodSecurityMetadataSource' of type [org.springframework.security.access.method.DelegatingMethodSecurityMetadataSource] is not eligible for getting processed by all BeanPostProcessors (for example: not eligible for auto-proxying)
2021-11-18 01:10:14.151  INFO 9747 --- [restartedMain] o.s.b.w.embedded.tomcat.TomcatWebServer  : Tomcat initialized with port(s): 8080 (http)
2021-11-18 01:10:14.155  INFO 9747 --- [restartedMain] o.apache.catalina.core.StandardService   : Starting service [Tomcat]
2021-11-18 01:10:14.155  INFO 9747 --- [restartedMain] org.apache.catalina.core.StandardEngine  : Starting Servlet engine: [Apache Tomcat/9.0.53]
2021-11-18 01:10:14.200  INFO 9747 --- [restartedMain] o.a.c.c.C.[Tomcat].[localhost].[/]       : Initializing Spring embedded WebApplicationContext
2021-11-18 01:10:14.200  INFO 9747 --- [restartedMain] w.s.c.ServletWebServerApplicationContext : Root WebApplicationContext: initialization completed in 807 ms
2021-11-18 01:10:14.305  INFO 9747 --- [restartedMain] o.hibernate.jpa.internal.util.LogHelper  : HHH000204: Processing PersistenceUnitInfo [name: default]
2021-11-18 01:10:14.328  INFO 9747 --- [restartedMain] org.hibernate.Version                    : HHH000412: Hibernate ORM core version 5.4.32.Final
2021-11-18 01:10:14.382  INFO 9747 --- [restartedMain] o.hibernate.annotations.common.Version   : HCANN000001: Hibernate Commons Annotations {5.1.2.Final}
2021-11-18 01:10:14.415  INFO 9747 --- [restartedMain] com.zaxxer.hikari.HikariDataSource       : HikariPool-1 - Starting...
2021-11-18 01:10:14.638  INFO 9747 --- [restartedMain] com.zaxxer.hikari.HikariDataSource       : HikariPool-1 - Start completed.
2021-11-18 01:10:14.643  INFO 9747 --- [restartedMain] org.hibernate.dialect.Dialect            : HHH000400: Using dialect: org.hibernate.dialect.MySQL5InnoDBDialect
2021-11-18 01:10:14.949  INFO 9747 --- [restartedMain] o.h.e.t.j.p.i.JtaPlatformInitiator       : HHH000490: Using JtaPlatform implementation: [org.hibernate.engine.transaction.jta.platform.internal.NoJtaPlatform]
2021-11-18 01:10:14.955  INFO 9747 --- [restartedMain] j.LocalContainerEntityManagerFactoryBean : Initialized JPA EntityManagerFactory for persistence unit 'default'
2021-11-18 01:10:15.147  WARN 9747 --- [restartedMain] JpaBaseConfiguration$JpaWebConfiguration : spring.jpa.open-in-view is enabled by default. Therefore, database queries may be performed during view rendering. Explicitly configure spring.jpa.open-in-view to disable this warning
2021-11-18 01:10:15.251  INFO 9747 --- [restartedMain] o.s.s.web.DefaultSecurityFilterChain     : Will secure org.springframework.boot.autoconfigure.security.servlet.StaticResourceRequest$StaticResourceRequestMatcher@2955eff2 with []
2021-11-18 01:10:15.283  INFO 9747 --- [restartedMain] o.s.s.web.DefaultSecurityFilterChain     : Will secure any request with [org.springframework.security.web.context.request.async.WebAsyncManagerIntegrationFilter@549650e1, org.springframework.security.web.context.SecurityContextPersistenceFilter@4f4f8cff, org.springframework.security.web.header.HeaderWriterFilter@65480355, org.springframework.security.web.csrf.CsrfFilter@45ce4286, org.springframework.security.web.authentication.logout.LogoutFilter@64931e86, org.springframework.security.web.authentication.UsernamePasswordAuthenticationFilter@56c27f74, org.springframework.security.web.savedrequest.RequestCacheAwareFilter@15285ba4, org.springframework.security.web.servletapi.SecurityContextHolderAwareRequestFilter@410eb40e, org.springframework.security.web.authentication.rememberme.RememberMeAuthenticationFilter@468fb86b, org.springframework.security.web.authentication.AnonymousAuthenticationFilter@461615ec, org.springframework.security.web.session.SessionManagementFilter@7734f323, org.springframework.security.web.access.ExceptionTranslationFilter@7bb6db2a, org.springframework.security.web.access.intercept.FilterSecurityInterceptor@74fcddd2]
2021-11-18 01:10:15.762  INFO 9747 --- [restartedMain] o.s.b.d.a.OptionalLiveReloadServer       : LiveReload server is running on port 35729
2021-11-18 01:10:15.793  INFO 9747 --- [restartedMain] o.s.b.w.embedded.tomcat.TomcatWebServer  : Tomcat started on port(s): 8080 (http) with context path ''
2021-11-18 01:10:15.801  INFO 9747 --- [restartedMain] com.devfox.bbvape.BbvapeApplication      : Started BbvapeApplication in 2.66 seconds (JVM running for 3.092)
2021-11-18 01:10:52.345  INFO 9747 --- [http-nio-8080-exec-1] o.a.c.c.C.[Tomcat].[localhost].[/]       : Initializing Spring DispatcherServlet 'dispatcherServlet'
2021-11-18 01:10:52.348  INFO 9747 --- [http-nio-8080-exec-1] o.s.web.servlet.DispatcherServlet        : Initializing Servlet 'dispatcherServlet'
2021-11-18 01:10:52.351  INFO 9747 --- [http-nio-8080-exec-1] o.s.web.servlet.DispatcherServlet        : Completed initialization in 2 ms
2021-11-18 07:23:32.473  WARN 9747 --- [HikariPool-1 housekeeper] com.zaxxer.hikari.pool.HikariPool        : HikariPool-1 - Thread starvation or clock leap detected (housekeeper delta=5m42s498ms).
2021-11-18 07:47:52.939  WARN 9747 --- [HikariPool-1 housekeeper] com.zaxxer.hikari.pool.HikariPool        : HikariPool-1 - Thread starvation or clock leap detected (housekeeper delta=24m20s590ms).
2021-11-18 07:53:43.478  WARN 9747 --- [HikariPool-1 housekeeper] com.zaxxer.hikari.pool.HikariPool        : HikariPool-1 - Thread starvation or clock leap detected (housekeeper delta=5m50s538ms).
2021-11-18 08:33:28.050  WARN 9747 --- [HikariPool-1 housekeeper] com.zaxxer.hikari.pool.HikariPool        : HikariPool-1 - Thread starvation or clock leap detected (housekeeper delta=39m44s571ms).
2021-11-18 08:56:05.026  WARN 9747 --- [HikariPool-1 housekeeper] com.zaxxer.hikari.pool.HikariPool        : HikariPool-1 - Thread starvation or clock leap detected (housekeeper delta=22m36s978ms).
2021-11-18 09:12:29.363  WARN 9747 --- [HikariPool-1 housekeeper] com.zaxxer.hikari.pool.HikariPool        : HikariPool-1 - Thread starvation or clock leap detected (housekeeper delta=16m24s336ms).
2021-11-18 10:38:00.411  WARN 9747 --- [HikariPool-1 housekeeper] com.zaxxer.hikari.pool.HikariPool        : HikariPool-1 - Retrograde clock change detected (housekeeper delta=29s864ms), soft-evicting connections from pool.
2021-11-18 11:56:29.471  WARN 9747 --- [HikariPool-1 housekeeper] com.zaxxer.hikari.pool.HikariPool        : HikariPool-1 - Retrograde clock change detected (housekeeper delta=28s132ms), soft-evicting connections from pool.
2021-11-18 17:35:28.786  INFO 9747 --- [Thread-5] j.LocalContainerEntityManagerFactoryBean : Closing JPA EntityManagerFactory for persistence unit 'default'
2021-11-18 17:35:28.804  INFO 9747 --- [Thread-5] com.zaxxer.hikari.HikariDataSource       : HikariPool-1 - Shutdown initiated...
2021-11-18 17:35:28.808  INFO 9747 --- [Thread-5] com.zaxxer.hikari.HikariDataSource       : HikariPool-1 - Shutdown completed.
2021-11-18 17:35:28.942  INFO 9747 --- [restartedMain] com.devfox.bbvape.BbvapeApplication      : Starting BbvapeApplication using Java 11.0.13 on Jinsolui-MacBook-Pro.local with PID 9747 (/Users/devfox/Documents/Projects/ideaProjects/bbvape/build/classes/java/main started by devfox in /Users/devfox/Documents/Projects/ideaProjects/bbvape)
2021-11-18 17:35:28.957  INFO 9747 --- [restartedMain] com.devfox.bbvape.BbvapeApplication      : No active profile set, falling back to default profiles: default
2021-11-18 17:35:29.127  INFO 9747 --- [restartedMain] .s.d.r.c.RepositoryConfigurationDelegate : Bootstrapping Spring Data JPA repositories in DEFAULT mode.
2021-11-18 17:35:29.145  INFO 9747 --- [restartedMain] .s.d.r.c.RepositoryConfigurationDelegate : Finished Spring Data repository scanning in 6 ms. Found 2 JPA repository interfaces.
2021-11-18 17:35:29.207  INFO 9747 --- [restartedMain] trationDelegate$BeanPostProcessorChecker : Bean 'org.springframework.security.access.expression.method.DefaultMethodSecurityExpressionHandler@6f1b76fa' of type [org.springframework.security.access.expression.method.DefaultMethodSecurityExpressionHandler] is not eligible for getting processed by all BeanPostProcessors (for example: not eligible for auto-proxying)
2021-11-18 17:35:29.208  INFO 9747 --- [restartedMain] trationDelegate$BeanPostProcessorChecker : Bean 'methodSecurityMetadataSource' of type [org.springframework.security.access.method.DelegatingMethodSecurityMetadataSource] is not eligible for getting processed by all BeanPostProcessors (for example: not eligible for auto-proxying)
2021-11-18 17:35:29.313  INFO 9747 --- [restartedMain] o.s.b.w.embedded.tomcat.TomcatWebServer  : Tomcat initialized with port(s): 8080 (http)
2021-11-18 17:35:29.313  INFO 9747 --- [restartedMain] o.apache.catalina.core.StandardService   : Starting service [Tomcat]
2021-11-18 17:35:29.313  INFO 9747 --- [restartedMain] org.apache.catalina.core.StandardEngine  : Starting Servlet engine: [Apache Tomcat/9.0.53]
2021-11-18 17:35:29.319  INFO 9747 --- [restartedMain] o.a.c.c.C.[Tomcat].[localhost].[/]       : Initializing Spring embedded WebApplicationContext
2021-11-18 17:35:29.319  INFO 9747 --- [restartedMain] w.s.c.ServletWebServerApplicationContext : Root WebApplicationContext: initialization completed in 360 ms
2021-11-18 17:35:29.349  INFO 9747 --- [restartedMain] o.hibernate.jpa.internal.util.LogHelper  : HHH000204: Processing PersistenceUnitInfo [name: default]
2021-11-18 17:35:29.353  INFO 9747 --- [restartedMain] com.zaxxer.hikari.HikariDataSource       : HikariPool-2 - Starting...
2021-11-18 17:35:29.388  INFO 9747 --- [restartedMain] com.zaxxer.hikari.HikariDataSource       : HikariPool-2 - Start completed.
2021-11-18 17:35:29.388  INFO 9747 --- [restartedMain] org.hibernate.dialect.Dialect            : HHH000400: Using dialect: org.hibernate.dialect.MySQL5InnoDBDialect
2021-11-18 17:35:29.409  INFO 9747 --- [restartedMain] o.h.e.t.j.p.i.JtaPlatformInitiator       : HHH000490: Using JtaPlatform implementation: [org.hibernate.engine.transaction.jta.platform.internal.NoJtaPlatform]
2021-11-18 17:35:29.410  INFO 9747 --- [restartedMain] j.LocalContainerEntityManagerFactoryBean : Initialized JPA EntityManagerFactory for persistence unit 'default'
2021-11-18 17:35:29.473  WARN 9747 --- [restartedMain] JpaBaseConfiguration$JpaWebConfiguration : spring.jpa.open-in-view is enabled by default. Therefore, database queries may be performed during view rendering. Explicitly configure spring.jpa.open-in-view to disable this warning
2021-11-18 17:35:29.508  INFO 9747 --- [restartedMain] o.s.s.web.DefaultSecurityFilterChain     : Will secure org.springframework.boot.autoconfigure.security.servlet.StaticResourceRequest$StaticResourceRequestMatcher@33e45168 with []
2021-11-18 17:35:29.531  INFO 9747 --- [restartedMain] o.s.s.web.DefaultSecurityFilterChain     : Will secure any request with [org.springframework.security.web.context.request.async.WebAsyncManagerIntegrationFilter@4893a023, org.springframework.security.web.context.SecurityContextPersistenceFilter@c6c2e83, org.springframework.security.web.header.HeaderWriterFilter@766d6f7, org.springframework.security.web.csrf.CsrfFilter@2e0e47aa, org.springframework.security.web.authentication.logout.LogoutFilter@de3b159, org.springframework.security.web.authentication.UsernamePasswordAuthenticationFilter@76e0a800, org.springframework.security.web.savedrequest.RequestCacheAwareFilter@193c4885, org.springframework.security.web.servletapi.SecurityContextHolderAwareRequestFilter@285ce43b, org.springframework.security.web.authentication.rememberme.RememberMeAuthenticationFilter@3952e7db, org.springframework.security.web.authentication.AnonymousAuthenticationFilter@40db6496, org.springframework.security.web.session.SessionManagementFilter@5003103e, org.springframework.security.web.access.ExceptionTranslationFilter@1290fab9, org.springframework.security.web.access.intercept.FilterSecurityInterceptor@5c7ccc96]
2021-11-18 17:35:29.652  INFO 9747 --- [restartedMain] o.s.b.d.a.OptionalLiveReloadServer       : LiveReload server is running on port 35729
2021-11-18 17:35:29.661  INFO 9747 --- [restartedMain] o.s.b.w.embedded.tomcat.TomcatWebServer  : Tomcat started on port(s): 8080 (http) with context path ''
2021-11-18 17:35:29.663  INFO 9747 --- [restartedMain] com.devfox.bbvape.BbvapeApplication      : Started BbvapeApplication in 0.748 seconds (JVM running for 52417.984)
2021-11-18 17:35:29.664  INFO 9747 --- [restartedMain] .ConditionEvaluationDeltaLoggingListener : Condition evaluation unchanged
2021-11-18 17:46:19.199  WARN 9747 --- [HikariPool-2 housekeeper] com.zaxxer.hikari.pool.HikariPool        : HikariPool-2 - Thread starvation or clock leap detected (housekeeper delta=1m19s574ms).
2021-11-18 18:02:28.851  WARN 9747 --- [HikariPool-2 housekeeper] com.zaxxer.hikari.pool.HikariPool        : HikariPool-2 - Thread starvation or clock leap detected (housekeeper delta=16m9s648ms).
2021-11-18 18:04:08.807  WARN 9747 --- [HikariPool-2 housekeeper] com.zaxxer.hikari.pool.HikariPool        : HikariPool-2 - Thread starvation or clock leap detected (housekeeper delta=1m39s964ms).
2021-11-18 18:06:15.665  WARN 9747 --- [HikariPool-2 housekeeper] com.zaxxer.hikari.pool.HikariPool        : HikariPool-2 - Thread starvation or clock leap detected (housekeeper delta=2m6s858ms).
2021-11-18 18:49:52.386  WARN 9747 --- [HikariPool-2 housekeeper] com.zaxxer.hikari.pool.HikariPool        : HikariPool-2 - Thread starvation or clock leap detected (housekeeper delta=43m36s722ms).
2021-11-18 19:32:15.605  WARN 9747 --- [HikariPool-2 housekeeper] com.zaxxer.hikari.pool.HikariPool        : HikariPool-2 - Thread starvation or clock leap detected (housekeeper delta=42m23s217ms).
2021-11-18 19:33:18.804  WARN 9747 --- [HikariPool-2 housekeeper] com.zaxxer.hikari.pool.HikariPool        : HikariPool-2 - Thread starvation or clock leap detected (housekeeper delta=1m3s201ms).
2021-11-18 19:41:41.414  WARN 9747 --- [HikariPool-2 housekeeper] com.zaxxer.hikari.pool.HikariPool        : HikariPool-2 - Thread starvation or clock leap detected (housekeeper delta=8m22s609ms).
2021-11-18 20:21:41.828  WARN 9747 --- [HikariPool-2 housekeeper] com.zaxxer.hikari.pool.HikariPool        : HikariPool-2 - Thread starvation or clock leap detected (housekeeper delta=40m415ms).
2021-11-18 21:42:55.615  WARN 9747 --- [HikariPool-2 housekeeper] com.zaxxer.hikari.pool.HikariPool        : HikariPool-2 - Thread starvation or clock leap detected (housekeeper delta=1h21m13s787ms).
2021-11-18 22:18:39.310  WARN 9747 --- [HikariPool-2 housekeeper] com.zaxxer.hikari.pool.HikariPool        : HikariPool-2 - Thread starvation or clock leap detected (housekeeper delta=35m43s695ms).
2021-11-18 22:21:07.961  WARN 9747 --- [HikariPool-2 housekeeper] com.zaxxer.hikari.pool.HikariPool        : HikariPool-2 - Thread starvation or clock leap detected (housekeeper delta=2m28s649ms).
2021-11-18 22:35:45.056  WARN 9747 --- [HikariPool-2 housekeeper] com.zaxxer.hikari.pool.HikariPool        : HikariPool-2 - Thread starvation or clock leap detected (housekeeper delta=14m37s97ms).
2021-11-18 22:37:08.225  WARN 9747 --- [HikariPool-2 housekeeper] com.zaxxer.hikari.pool.HikariPool        : HikariPool-2 - Thread starvation or clock leap detected (housekeeper delta=1m23s169ms).
2021-11-18 22:38:45.565  WARN 9747 --- [HikariPool-2 housekeeper] com.zaxxer.hikari.pool.HikariPool        : HikariPool-2 - Thread starvation or clock leap detected (housekeeper delta=1m7s331ms).
2021-11-18 22:43:40.680  INFO 9747 --- [SpringApplicationShutdownHook] j.LocalContainerEntityManagerFactoryBean : Closing JPA EntityManagerFactory for persistence unit 'default'
2021-11-18 22:43:40.684  INFO 9747 --- [SpringApplicationShutdownHook] com.zaxxer.hikari.HikariDataSource       : HikariPool-2 - Shutdown initiated...
2021-11-18 22:43:40.689  INFO 9747 --- [SpringApplicationShutdownHook] com.zaxxer.hikari.HikariDataSource       : HikariPool-2 - Shutdown completed.
